{"/Users/gulzada/dev/stellar-burgers/src/index.tsx": {"path":"/Users/gulzada/dev/stellar-burgers/src/index.tsx","statementMap":{"0":{"start":{"line":1,"column":0},"end":{"line":1,"column":26}},"1":{"start":{"line":2,"column":0},"end":{"line":2,"column":51}},"2":{"start":{"line":3,"column":0},"end":{"line":3,"column":39}},"3":{"start":{"line":4,"column":0},"end":{"line":4,"column":49}},"4":{"start":{"line":5,"column":0},"end":{"line":5,"column":39}},"5":{"start":{"line":6,"column":0},"end":{"line":6,"column":37}},"6":{"start":{"line":8,"column":18},"end":{"line":8,"column":64}},"7":{"start":{"line":9,"column":13},"end":{"line":9,"column":50}},"8":{"start":{"line":11,"column":0},"end":{"line":19,"column":2}}},"fnMap":{},"branchMap":{},"s":{"0":0,"1":0,"2":0,"3":0,"4":0,"5":0,"6":0,"7":0,"8":0},"f":{},"b":{}}
,"/Users/gulzada/dev/stellar-burgers/src/components/index.ts": {"path":"/Users/gulzada/dev/stellar-burgers/src/components/index.ts","statementMap":{"0":{"start":{"line":1,"column":0},"end":{"line":1,"column":29}},"1":{"start":{"line":2,"column":0},"end":{"line":2,"column":37}},"2":{"start":{"line":3,"column":0},"end":{"line":3,"column":45}},"3":{"start":{"line":4,"column":0},"end":{"line":4,"column":36}},"4":{"start":{"line":5,"column":0},"end":{"line":5,"column":37}},"5":{"start":{"line":6,"column":0},"end":{"line":6,"column":28}},"6":{"start":{"line":7,"column":0},"end":{"line":7,"column":37}},"7":{"start":{"line":8,"column":0},"end":{"line":8,"column":39}},"8":{"start":{"line":9,"column":0},"end":{"line":9,"column":24}},"9":{"start":{"line":10,"column":0},"end":{"line":10,"column":39}},"10":{"start":{"line":11,"column":0},"end":{"line":11,"column":29}},"11":{"start":{"line":12,"column":0},"end":{"line":12,"column":29}},"12":{"start":{"line":13,"column":0},"end":{"line":13,"column":31}},"13":{"start":{"line":14,"column":0},"end":{"line":14,"column":30}},"14":{"start":{"line":15,"column":0},"end":{"line":15,"column":31}}},"fnMap":{},"branchMap":{},"s":{"0":0,"1":0,"2":0,"3":0,"4":0,"5":0,"6":0,"7":0,"8":0,"9":0,"10":0,"11":0,"12":0,"13":0,"14":0},"f":{},"b":{}}
,"/Users/gulzada/dev/stellar-burgers/src/components/app/app.tsx": {"path":"/Users/gulzada/dev/stellar-burgers/src/components/app/app.tsx","statementMap":{"0":{"start":{"line":1,"column":0},"end":{"line":1,"column":null}},"1":{"start":{"line":12,"column":0},"end":{"line":12,"column":25}},"2":{"start":{"line":13,"column":0},"end":{"line":13,"column":38}},"3":{"start":{"line":14,"column":0},"end":{"line":14,"column":null}},"4":{"start":{"line":21,"column":0},"end":{"line":21,"column":75}},"5":{"start":{"line":22,"column":0},"end":{"line":22,"column":67}},"6":{"start":{"line":23,"column":0},"end":{"line":23,"column":34}},"7":{"start":{"line":24,"column":0},"end":{"line":24,"column":51}},"8":{"start":{"line":25,"column":0},"end":{"line":25,"column":72}},"9":{"start":{"line":26,"column":0},"end":{"line":26,"column":60}},"10":{"start":{"line":28,"column":12},"end":{"line":105,"column":1}},"11":{"start":{"line":29,"column":19},"end":{"line":29,"column":32}},"12":{"start":{"line":30,"column":19},"end":{"line":30,"column":32}},"13":{"start":{"line":31,"column":19},"end":{"line":31,"column":32}},"14":{"start":{"line":33,"column":21},"end":{"line":33,"column":47}},"15":{"start":{"line":34,"column":21},"end":{"line":34,"column":35}},"16":{"start":{"line":34,"column":27},"end":{"line":34,"column":40}},"17":{"start":{"line":36,"column":2},"end":{"line":39,"column":17}},"18":{"start":{"line":37,"column":4},"end":{"line":37,"column":26}},"19":{"start":{"line":38,"column":4},"end":{"line":38,"column":31}},"20":{"start":{"line":41,"column":2},"end":{"line":104,"column":4}},"21":{"start":{"line":107,"column":0},"end":{"line":107,"column":19}}},"fnMap":{"0":{"name":"(anonymous_1)","decl":{"start":{"line":28,"column":12},"end":{"line":28,"column":null}},"loc":{"start":{"line":28,"column":12},"end":{"line":105,"column":1}}},"1":{"name":"(anonymous_2)","decl":{"start":{"line":34,"column":21},"end":{"line":34,"column":27}},"loc":{"start":{"line":34,"column":21},"end":{"line":34,"column":35}}},"2":{"name":"(anonymous_3)","decl":{"start":{"line":36,"column":12},"end":{"line":36,"column":null}},"loc":{"start":{"line":36,"column":12},"end":{"line":39,"column":3}}}},"branchMap":{"0":{"loc":{"start":{"line":33,"column":21},"end":{"line":33,"column":47}},"type":"cond-expr","locations":[{"start":{"line":33,"column":35},"end":{"line":33,"column":37}},{"start":{"line":33,"column":35},"end":{"line":33,"column":47}}]},"1":{"loc":{"start":{"line":33,"column":21},"end":{"line":33,"column":37}},"type":"binary-expr","locations":[{"start":{"line":33,"column":21},"end":{"line":33,"column":37}},{"start":{"line":33,"column":35},"end":{"line":33,"column":37}}]},"2":{"loc":{"start":{"line":45,"column":24},"end":{"line":45,"column":46}},"type":"binary-expr","locations":[{"start":{"line":45,"column":24},"end":{"line":45,"column":34}},{"start":{"line":45,"column":38},"end":{"line":45,"column":46}}]},"3":{"loc":{"start":{"line":67,"column":7},"end":{"line":101,"column":null}},"type":"binary-expr","locations":[{"start":{"line":67,"column":7},"end":{"line":67,"column":17}},{"start":{"line":68,"column":8},"end":{"line":100,"column":null}}]}},"s":{"0":0,"1":0,"2":0,"3":0,"4":0,"5":0,"6":0,"7":0,"8":0,"9":0,"10":0,"11":0,"12":0,"13":0,"14":0,"15":0,"16":0,"17":0,"18":0,"19":0,"20":0,"21":0},"f":{"0":0,"1":0,"2":0},"b":{"0":[0,0],"1":[0,0],"2":[0,0],"3":[0,0]}}
,"/Users/gulzada/dev/stellar-burgers/src/components/app-header/app-header.tsx": {"path":"/Users/gulzada/dev/stellar-burgers/src/components/app-header/app-header.tsx","statementMap":{"0":{"start":{"line":2,"column":0},"end":{"line":2,"column":34}},"1":{"start":{"line":3,"column":0},"end":{"line":3,"column":51}},"2":{"start":{"line":4,"column":0},"end":{"line":4,"column":66}},"3":{"start":{"line":6,"column":29},"end":{"line":9,"column":1}},"4":{"start":{"line":7,"column":15},"end":{"line":7,"column":43}},"5":{"start":{"line":8,"column":2},"end":{"line":8,"column":53}},"6":{"start":{"line":6,"column":13},"end":{"line":6,"column":29}}},"fnMap":{"0":{"name":"(anonymous_0)","decl":{"start":{"line":6,"column":29},"end":{"line":6,"column":null}},"loc":{"start":{"line":6,"column":29},"end":{"line":9,"column":1}}}},"branchMap":{"0":{"loc":{"start":{"line":8,"column":32},"end":{"line":8,"column":48}},"type":"binary-expr","locations":[{"start":{"line":8,"column":32},"end":{"line":8,"column":42}},{"start":{"line":8,"column":46},"end":{"line":8,"column":48}}]},"1":{"loc":{"start":{"line":8,"column":32},"end":{"line":8,"column":42}},"type":"cond-expr","locations":[{"start":{"line":8,"column":36},"end":{"line":8,"column":38}},{"start":{"line":8,"column":32},"end":{"line":8,"column":42}}]},"2":{"loc":{"start":{"line":8,"column":32},"end":{"line":8,"column":38}},"type":"binary-expr","locations":[{"start":{"line":8,"column":32},"end":{"line":8,"column":38}},{"start":{"line":8,"column":32},"end":{"line":8,"column":38}}]}},"s":{"0":0,"1":0,"2":0,"3":0,"4":0,"5":0,"6":0},"f":{"0":0},"b":{"0":[0,0],"1":[0,0],"2":[0,0]}}
,"/Users/gulzada/dev/stellar-burgers/src/components/app-header/index.ts": {"path":"/Users/gulzada/dev/stellar-burgers/src/components/app-header/index.ts","statementMap":{"0":{"start":{"line":1,"column":0},"end":{"line":1,"column":9}},"1":{"start":{"line":1,"column":9},"end":{"line":1,"column":41}}},"fnMap":{"0":{"name":"(anonymous_0)","decl":{"start":{"line":1,"column":9},"end":{"line":1,"column":18}},"loc":{"start":{"line":1,"column":9},"end":{"line":1,"column":41}}}},"branchMap":{},"s":{"0":0,"1":0},"f":{"0":0},"b":{}}
,"/Users/gulzada/dev/stellar-burgers/src/components/burger-constructor/burger-constructor.tsx": {"path":"/Users/gulzada/dev/stellar-burgers/src/components/burger-constructor/burger-constructor.tsx","statementMap":{"0":{"start":{"line":1,"column":0},"end":{"line":1,"column":36}},"1":{"start":{"line":3,"column":0},"end":{"line":3,"column":42}},"2":{"start":{"line":4,"column":0},"end":{"line":4,"column":64}},"3":{"start":{"line":5,"column":0},"end":{"line":5,"column":77}},"4":{"start":{"line":6,"column":0},"end":{"line":6,"column":66}},"5":{"start":{"line":7,"column":0},"end":{"line":7,"column":47}},"6":{"start":{"line":8,"column":0},"end":{"line":8,"column":null}},"7":{"start":{"line":13,"column":0},"end":{"line":13,"column":64}},"8":{"start":{"line":14,"column":0},"end":{"line":14,"column":76}},"9":{"start":{"line":16,"column":37},"end":{"line":84,"column":1}},"10":{"start":{"line":17,"column":44},"end":{"line":17,"column":57}},"11":{"start":{"line":18,"column":31},"end":{"line":18,"column":50}},"12":{"start":{"line":20,"column":27},"end":{"line":20,"column":59}},"13":{"start":{"line":21,"column":15},"end":{"line":21,"column":43}},"14":{"start":{"line":22,"column":23},"end":{"line":22,"column":56}},"15":{"start":{"line":23,"column":25},"end":{"line":23,"column":60}},"16":{"start":{"line":25,"column":19},"end":{"line":25,"column":32}},"17":{"start":{"line":26,"column":19},"end":{"line":26,"column":32}},"18":{"start":{"line":28,"column":23},"end":{"line":54,"column":4}},"19":{"start":{"line":29,"column":4},"end":{"line":32,"column":5}},"20":{"start":{"line":30,"column":6},"end":{"line":30,"column":25}},"21":{"start":{"line":31,"column":6},"end":{"line":31,"column":13}},"22":{"start":{"line":34,"column":4},"end":{"line":34,"column":54}},"23":{"start":{"line":34,"column":47},"end":{"line":34,"column":54}},"24":{"start":{"line":36,"column":10},"end":{"line":42,"column":6}},"25":{"start":{"line":40,"column":41},"end":{"line":40,"column":null}},"26":{"start":{"line":45,"column":23},"end":{"line":45,"column":null}},"27":{"start":{"line":45,"column":12},"end":{"line":45,"column":null}},"28":{"start":{"line":46,"column":12},"end":{"line":46,"column":42}},"29":{"start":{"line":48,"column":6},"end":{"line":48,"column":48}},"30":{"start":{"line":49,"column":6},"end":{"line":49,"column":35}},"31":{"start":{"line":51,"column":6},"end":{"line":51,"column":56}},"32":{"start":{"line":52,"column":6},"end":{"line":52,"column":29}},"33":{"start":{"line":56,"column":26},"end":{"line":63,"column":3}},"34":{"start":{"line":57,"column":4},"end":{"line":57,"column":29}},"35":{"start":{"line":57,"column":22},"end":{"line":57,"column":29}},"36":{"start":{"line":59,"column":4},"end":{"line":59,"column":27}},"37":{"start":{"line":60,"column":4},"end":{"line":60,"column":38}},"38":{"start":{"line":62,"column":4},"end":{"line":62,"column":22}},"39":{"start":{"line":65,"column":16},"end":{"line":72,"column":24}},"40":{"start":{"line":66,"column":24},"end":{"line":66,"column":59}},"41":{"start":{"line":68,"column":4},"end":{"line":71,"column":6}},"42":{"start":{"line":70,"column":56},"end":{"line":70,"column":69}},"43":{"start":{"line":74,"column":2},"end":{"line":83,"column":4}},"44":{"start":{"line":16,"column":13},"end":{"line":16,"column":37}}},"fnMap":{"0":{"name":"(anonymous_14)","decl":{"start":{"line":16,"column":37},"end":{"line":16,"column":null}},"loc":{"start":{"line":16,"column":37},"end":{"line":84,"column":1}}},"1":{"name":"(anonymous_15)","decl":{"start":{"line":28,"column":23},"end":{"line":28,"column":null}},"loc":{"start":{"line":28,"column":23},"end":{"line":54,"column":4}}},"2":{"name":"(anonymous_18)","decl":{"start":{"line":40,"column":8},"end":{"line":40,"column":9}},"loc":{"start":{"line":40,"column":36},"end":{"line":40,"column":44}}},"3":{"name":"(anonymous_19)","decl":{"start":{"line":56,"column":26},"end":{"line":56,"column":null}},"loc":{"start":{"line":56,"column":26},"end":{"line":63,"column":3}}},"4":{"name":"(anonymous_20)","decl":{"start":{"line":65,"column":24},"end":{"line":65,"column":null}},"loc":{"start":{"line":65,"column":24},"end":{"line":72,"column":3}}},"5":{"name":"(anonymous_21)","decl":{"start":{"line":70,"column":25},"end":{"line":70,"column":26}},"loc":{"start":{"line":70,"column":51},"end":{"line":70,"column":57}}}},"branchMap":{"0":{"loc":{"start":{"line":29,"column":4},"end":{"line":32,"column":5}},"type":"if","locations":[{"start":{"line":29,"column":4},"end":{"line":32,"column":5}}]},"1":{"loc":{"start":{"line":34,"column":4},"end":{"line":34,"column":54}},"type":"if","locations":[{"start":{"line":34,"column":4},"end":{"line":34,"column":54}}]},"2":{"loc":{"start":{"line":34,"column":8},"end":{"line":34,"column":45}},"type":"binary-expr","locations":[{"start":{"line":34,"column":8},"end":{"line":34,"column":29}},{"start":{"line":34,"column":33},"end":{"line":34,"column":45}}]},"3":{"loc":{"start":{"line":57,"column":4},"end":{"line":57,"column":29}},"type":"if","locations":[{"start":{"line":57,"column":4},"end":{"line":57,"column":29}}]},"4":{"loc":{"start":{"line":66,"column":24},"end":{"line":66,"column":59}},"type":"cond-expr","locations":[{"start":{"line":66,"column":53},"end":{"line":66,"column":57}},{"start":{"line":66,"column":57},"end":{"line":66,"column":59}}]},"5":{"loc":{"start":{"line":66,"column":24},"end":{"line":66,"column":57}},"type":"binary-expr","locations":[{"start":{"line":66,"column":24},"end":{"line":66,"column":57}},{"start":{"line":66,"column":53},"end":{"line":66,"column":57}}]},"6":{"loc":{"start":{"line":66,"column":24},"end":{"line":66,"column":53}},"type":"cond-expr","locations":[{"start":{"line":66,"column":40},"end":{"line":66,"column":42}},{"start":{"line":66,"column":24},"end":{"line":66,"column":53}}]},"7":{"loc":{"start":{"line":66,"column":24},"end":{"line":66,"column":42}},"type":"binary-expr","locations":[{"start":{"line":66,"column":24},"end":{"line":66,"column":42}},{"start":{"line":66,"column":24},"end":{"line":66,"column":42}}]},"8":{"loc":{"start":{"line":69,"column":7},"end":{"line":69,"column":65}},"type":"cond-expr","locations":[{"start":{"line":69,"column":31},"end":{"line":69,"column":61}},{"start":{"line":69,"column":64},"end":{"line":69,"column":65}}]},"9":{"loc":{"start":{"line":69,"column":7},"end":{"line":69,"column":28}},"type":"cond-expr","locations":[{"start":{"line":69,"column":23},"end":{"line":69,"column":25}},{"start":{"line":69,"column":7},"end":{"line":69,"column":28}}]},"10":{"loc":{"start":{"line":69,"column":7},"end":{"line":69,"column":25}},"type":"binary-expr","locations":[{"start":{"line":69,"column":7},"end":{"line":69,"column":25}},{"start":{"line":69,"column":7},"end":{"line":69,"column":25}}]}},"s":{"0":0,"1":0,"2":0,"3":0,"4":0,"5":0,"6":0,"7":0,"8":0,"9":0,"10":0,"11":0,"12":0,"13":0,"14":0,"15":0,"16":0,"17":0,"18":0,"19":0,"20":0,"21":0,"22":0,"23":0,"24":0,"25":0,"26":0,"27":0,"28":0,"29":0,"30":0,"31":0,"32":0,"33":0,"34":0,"35":0,"36":0,"37":0,"38":0,"39":0,"40":0,"41":0,"42":0,"43":0,"44":0},"f":{"0":0,"1":0,"2":0,"3":0,"4":0,"5":0},"b":{"0":[0],"1":[0],"2":[0,0],"3":[0],"4":[0,0],"5":[0,0],"6":[0,0],"7":[0,0],"8":[0,0],"9":[0,0],"10":[0,0]}}
,"/Users/gulzada/dev/stellar-burgers/src/components/burger-constructor/index.ts": {"path":"/Users/gulzada/dev/stellar-burgers/src/components/burger-constructor/index.ts","statementMap":{"0":{"start":{"line":1,"column":0},"end":{"line":1,"column":9}},"1":{"start":{"line":1,"column":9},"end":{"line":1,"column":57}}},"fnMap":{"0":{"name":"(anonymous_0)","decl":{"start":{"line":1,"column":9},"end":{"line":1,"column":26}},"loc":{"start":{"line":1,"column":9},"end":{"line":1,"column":57}}}},"branchMap":{},"s":{"0":0,"1":0},"f":{"0":0},"b":{}}
,"/Users/gulzada/dev/stellar-burgers/src/components/burger-constructor-element/burger-constructor-element.tsx": {"path":"/Users/gulzada/dev/stellar-burgers/src/components/burger-constructor-element/burger-constructor-element.tsx","statementMap":{"0":{"start":{"line":1,"column":0},"end":{"line":1,"column":46}},"1":{"start":{"line":2,"column":0},"end":{"line":2,"column":49}},"2":{"start":{"line":4,"column":0},"end":{"line":4,"column":76}},"3":{"start":{"line":5,"column":0},"end":{"line":5,"column":51}},"4":{"start":{"line":7,"column":13},"end":{"line":45,"column":2}},"5":{"start":{"line":8,"column":15},"end":{"line":8,"column":17}},"6":{"start":{"line":8,"column":22},"end":{"line":8,"column":24}},"7":{"start":{"line":8,"column":34},"end":{"line":8,"column":36}},"8":{"start":{"line":9,"column":21},"end":{"line":9,"column":34}},"9":{"start":{"line":10,"column":37},"end":{"line":10,"column":56}},"10":{"start":{"line":12,"column":27},"end":{"line":19,"column":25}},"11":{"start":{"line":13,"column":6},"end":{"line":18,"column":8}},"12":{"start":{"line":21,"column":25},"end":{"line":28,"column":25}},"13":{"start":{"line":22,"column":6},"end":{"line":27,"column":8}},"14":{"start":{"line":30,"column":24},"end":{"line":32,"column":33}},"15":{"start":{"line":31,"column":6},"end":{"line":31,"column":42}},"16":{"start":{"line":34,"column":4},"end":{"line":43,"column":6}}},"fnMap":{"0":{"name":"(anonymous_0)","decl":{"start":{"line":8,"column":2},"end":{"line":8,"column":3}},"loc":{"start":{"line":8,"column":36},"end":{"line":44,"column":3}}},"1":{"name":"(anonymous_1)","decl":{"start":{"line":12,"column":39},"end":{"line":12,"column":null}},"loc":{"start":{"line":12,"column":39},"end":{"line":19,"column":5}}},"2":{"name":"(anonymous_2)","decl":{"start":{"line":21,"column":37},"end":{"line":21,"column":null}},"loc":{"start":{"line":21,"column":37},"end":{"line":28,"column":5}}},"3":{"name":"(anonymous_3)","decl":{"start":{"line":30,"column":36},"end":{"line":30,"column":null}},"loc":{"start":{"line":30,"column":36},"end":{"line":32,"column":5}}}},"branchMap":{},"s":{"0":0,"1":0,"2":0,"3":0,"4":0,"5":0,"6":0,"7":0,"8":0,"9":0,"10":0,"11":0,"12":0,"13":0,"14":0,"15":0,"16":0},"f":{"0":0,"1":0,"2":0,"3":0},"b":{}}
,"/Users/gulzada/dev/stellar-burgers/src/components/burger-constructor-element/index.ts": {"path":"/Users/gulzada/dev/stellar-burgers/src/components/burger-constructor-element/index.ts","statementMap":{"0":{"start":{"line":1,"column":0},"end":{"line":1,"column":9}},"1":{"start":{"line":1,"column":9},"end":{"line":1,"column":72}}},"fnMap":{"0":{"name":"(anonymous_0)","decl":{"start":{"line":1,"column":9},"end":{"line":1,"column":33}},"loc":{"start":{"line":1,"column":9},"end":{"line":1,"column":72}}}},"branchMap":{},"s":{"0":0,"1":0},"f":{"0":0},"b":{}}
,"/Users/gulzada/dev/stellar-burgers/src/components/burger-ingredient/burger-ingredient.tsx": {"path":"/Users/gulzada/dev/stellar-burgers/src/components/burger-ingredient/burger-ingredient.tsx","statementMap":{"0":{"start":{"line":1,"column":0},"end":{"line":1,"column":46}},"1":{"start":{"line":2,"column":0},"end":{"line":2,"column":47}},"2":{"start":{"line":4,"column":0},"end":{"line":4,"column":41}},"3":{"start":{"line":6,"column":0},"end":{"line":6,"column":51}},"4":{"start":{"line":7,"column":0},"end":{"line":7,"column":76}},"5":{"start":{"line":9,"column":13},"end":{"line":28,"column":2}},"6":{"start":{"line":10,"column":15},"end":{"line":10,"column":17}},"7":{"start":{"line":10,"column":22},"end":{"line":10,"column":24}},"8":{"start":{"line":11,"column":21},"end":{"line":11,"column":34}},"9":{"start":{"line":12,"column":21},"end":{"line":12,"column":34}},"10":{"start":{"line":13,"column":30},"end":{"line":13,"column":49}},"11":{"start":{"line":15,"column":22},"end":{"line":17,"column":30}},"12":{"start":{"line":16,"column":6},"end":{"line":16,"column":42}},"13":{"start":{"line":19,"column":4},"end":{"line":26,"column":6}}},"fnMap":{"0":{"name":"(anonymous_0)","decl":{"start":{"line":10,"column":2},"end":{"line":10,"column":3}},"loc":{"start":{"line":10,"column":24},"end":{"line":27,"column":3}}},"1":{"name":"(anonymous_1)","decl":{"start":{"line":15,"column":34},"end":{"line":15,"column":null}},"loc":{"start":{"line":15,"column":34},"end":{"line":17,"column":5}}}},"branchMap":{},"s":{"0":0,"1":0,"2":0,"3":0,"4":0,"5":0,"6":0,"7":0,"8":0,"9":0,"10":0,"11":0,"12":0,"13":0},"f":{"0":0,"1":0},"b":{}}
,"/Users/gulzada/dev/stellar-burgers/src/components/burger-ingredient/index.ts": {"path":"/Users/gulzada/dev/stellar-burgers/src/components/burger-ingredient/index.ts","statementMap":{"0":{"start":{"line":1,"column":0},"end":{"line":1,"column":9}},"1":{"start":{"line":1,"column":9},"end":{"line":1,"column":55}}},"fnMap":{"0":{"name":"(anonymous_0)","decl":{"start":{"line":1,"column":9},"end":{"line":1,"column":25}},"loc":{"start":{"line":1,"column":9},"end":{"line":1,"column":55}}}},"branchMap":{},"s":{"0":0,"1":0},"f":{"0":0},"b":{}}
,"/Users/gulzada/dev/stellar-burgers/src/components/burger-ingredients/burger-ingredients.tsx": {"path":"/Users/gulzada/dev/stellar-burgers/src/components/burger-ingredients/burger-ingredients.tsx","statementMap":{"0":{"start":{"line":1,"column":0},"end":{"line":1,"column":56}},"1":{"start":{"line":2,"column":0},"end":{"line":2,"column":56}},"2":{"start":{"line":4,"column":0},"end":{"line":4,"column":63}},"3":{"start":{"line":5,"column":0},"end":{"line":5,"column":51}},"4":{"start":{"line":6,"column":0},"end":{"line":6,"column":null}},"5":{"start":{"line":10,"column":0},"end":{"line":10,"column":32}},"6":{"start":{"line":12,"column":37},"end":{"line":68,"column":1}},"7":{"start":{"line":13,"column":22},"end":{"line":13,"column":54}},"8":{"start":{"line":14,"column":31},"end":{"line":14,"column":61}},"9":{"start":{"line":16,"column":15},"end":{"line":16,"column":71}},"10":{"start":{"line":16,"column":54},"end":{"line":16,"column":71}},"11":{"start":{"line":17,"column":16},"end":{"line":17,"column":73}},"12":{"start":{"line":17,"column":55},"end":{"line":17,"column":73}},"13":{"start":{"line":18,"column":17},"end":{"line":18,"column":75}},"14":{"start":{"line":18,"column":56},"end":{"line":18,"column":75}},"15":{"start":{"line":20,"column":38},"end":{"line":20,"column":63}},"16":{"start":{"line":20,"column":19},"end":{"line":20,"column":21}},"17":{"start":{"line":20,"column":34},"end":{"line":20,"column":38}},"18":{"start":{"line":21,"column":22},"end":{"line":21,"column":54}},"19":{"start":{"line":22,"column":23},"end":{"line":22,"column":55}},"20":{"start":{"line":23,"column":25},"end":{"line":23,"column":57}},"21":{"start":{"line":25,"column":32},"end":{"line":25,"column":59}},"22":{"start":{"line":25,"column":16},"end":{"line":25,"column":18}},"23":{"start":{"line":25,"column":28},"end":{"line":25,"column":32}},"24":{"start":{"line":26,"column":36},"end":{"line":26,"column":63}},"25":{"start":{"line":26,"column":17},"end":{"line":26,"column":19}},"26":{"start":{"line":26,"column":32},"end":{"line":26,"column":36}},"27":{"start":{"line":27,"column":36},"end":{"line":27,"column":63}},"28":{"start":{"line":27,"column":18},"end":{"line":27,"column":20}},"29":{"start":{"line":27,"column":32},"end":{"line":27,"column":36}},"30":{"start":{"line":29,"column":2},"end":{"line":37,"column":48}},"31":{"start":{"line":30,"column":4},"end":{"line":36,"column":5}},"32":{"start":{"line":31,"column":6},"end":{"line":31,"column":27}},"33":{"start":{"line":32,"column":11},"end":{"line":36,"column":5}},"34":{"start":{"line":33,"column":6},"end":{"line":33,"column":29}},"35":{"start":{"line":34,"column":11},"end":{"line":36,"column":5}},"36":{"start":{"line":35,"column":6},"end":{"line":35,"column":28}},"37":{"start":{"line":39,"column":21},"end":{"line":47,"column":3}},"38":{"start":{"line":40,"column":4},"end":{"line":40,"column":35}},"39":{"start":{"line":41,"column":4},"end":{"line":42,"column":66}},"40":{"start":{"line":42,"column":6},"end":{"line":42,"column":66}},"41":{"start":{"line":43,"column":4},"end":{"line":44,"column":67}},"42":{"start":{"line":44,"column":6},"end":{"line":44,"column":67}},"43":{"start":{"line":45,"column":4},"end":{"line":46,"column":69}},"44":{"start":{"line":46,"column":6},"end":{"line":46,"column":69}},"45":{"start":{"line":49,"column":2},"end":{"line":51,"column":3}},"46":{"start":{"line":50,"column":4},"end":{"line":50,"column":25}},"47":{"start":{"line":53,"column":2},"end":{"line":67,"column":4}},"48":{"start":{"line":12,"column":13},"end":{"line":12,"column":37}}},"fnMap":{"0":{"name":"(anonymous_0)","decl":{"start":{"line":12,"column":37},"end":{"line":12,"column":null}},"loc":{"start":{"line":12,"column":37},"end":{"line":68,"column":1}}},"1":{"name":"(anonymous_1)","decl":{"start":{"line":16,"column":34},"end":{"line":16,"column":35}},"loc":{"start":{"line":16,"column":49},"end":{"line":16,"column":55}}},"2":{"name":"(anonymous_2)","decl":{"start":{"line":17,"column":35},"end":{"line":17,"column":36}},"loc":{"start":{"line":17,"column":50},"end":{"line":17,"column":56}}},"3":{"name":"(anonymous_3)","decl":{"start":{"line":18,"column":36},"end":{"line":18,"column":37}},"loc":{"start":{"line":18,"column":51},"end":{"line":18,"column":57}}},"4":{"name":"(anonymous_4)","decl":{"start":{"line":29,"column":12},"end":{"line":29,"column":null}},"loc":{"start":{"line":29,"column":12},"end":{"line":37,"column":3}}},"5":{"name":"(anonymous_5)","decl":{"start":{"line":39,"column":21},"end":{"line":39,"column":22}},"loc":{"start":{"line":39,"column":33},"end":{"line":47,"column":3}}}},"branchMap":{"0":{"loc":{"start":{"line":30,"column":4},"end":{"line":36,"column":5}},"type":"if","locations":[{"start":{"line":30,"column":4},"end":{"line":36,"column":5}},{"start":{"line":32,"column":11},"end":{"line":36,"column":5}}]},"1":{"loc":{"start":{"line":32,"column":11},"end":{"line":36,"column":5}},"type":"if","locations":[{"start":{"line":32,"column":11},"end":{"line":36,"column":5}},{"start":{"line":34,"column":11},"end":{"line":36,"column":5}}]},"2":{"loc":{"start":{"line":34,"column":11},"end":{"line":36,"column":5}},"type":"if","locations":[{"start":{"line":34,"column":11},"end":{"line":36,"column":5}}]},"3":{"loc":{"start":{"line":41,"column":4},"end":{"line":42,"column":66}},"type":"if","locations":[{"start":{"line":41,"column":4},"end":{"line":42,"column":66}}]},"4":{"loc":{"start":{"line":42,"column":6},"end":{"line":42,"column":65}},"type":"cond-expr","locations":[{"start":{"line":42,"column":25},"end":{"line":42,"column":27}},{"start":{"line":42,"column":25},"end":{"line":42,"column":65}}]},"5":{"loc":{"start":{"line":42,"column":6},"end":{"line":42,"column":27}},"type":"binary-expr","locations":[{"start":{"line":42,"column":6},"end":{"line":42,"column":27}},{"start":{"line":42,"column":25},"end":{"line":42,"column":27}}]},"6":{"loc":{"start":{"line":43,"column":4},"end":{"line":44,"column":67}},"type":"if","locations":[{"start":{"line":43,"column":4},"end":{"line":44,"column":67}}]},"7":{"loc":{"start":{"line":44,"column":6},"end":{"line":44,"column":66}},"type":"cond-expr","locations":[{"start":{"line":44,"column":26},"end":{"line":44,"column":28}},{"start":{"line":44,"column":26},"end":{"line":44,"column":66}}]},"8":{"loc":{"start":{"line":44,"column":6},"end":{"line":44,"column":28}},"type":"binary-expr","locations":[{"start":{"line":44,"column":6},"end":{"line":44,"column":28}},{"start":{"line":44,"column":26},"end":{"line":44,"column":28}}]},"9":{"loc":{"start":{"line":45,"column":4},"end":{"line":46,"column":69}},"type":"if","locations":[{"start":{"line":45,"column":4},"end":{"line":46,"column":69}}]},"10":{"loc":{"start":{"line":46,"column":6},"end":{"line":46,"column":68}},"type":"cond-expr","locations":[{"start":{"line":46,"column":28},"end":{"line":46,"column":30}},{"start":{"line":46,"column":28},"end":{"line":46,"column":68}}]},"11":{"loc":{"start":{"line":46,"column":6},"end":{"line":46,"column":30}},"type":"binary-expr","locations":[{"start":{"line":46,"column":6},"end":{"line":46,"column":30}},{"start":{"line":46,"column":28},"end":{"line":46,"column":30}}]},"12":{"loc":{"start":{"line":49,"column":2},"end":{"line":51,"column":3}},"type":"if","locations":[{"start":{"line":49,"column":2},"end":{"line":51,"column":3}}]}},"s":{"0":0,"1":0,"2":0,"3":0,"4":0,"5":0,"6":0,"7":0,"8":0,"9":0,"10":0,"11":0,"12":0,"13":0,"14":0,"15":0,"16":0,"17":0,"18":0,"19":0,"20":0,"21":0,"22":0,"23":0,"24":0,"25":0,"26":0,"27":0,"28":0,"29":0,"30":0,"31":0,"32":0,"33":0,"34":0,"35":0,"36":0,"37":0,"38":0,"39":0,"40":0,"41":0,"42":0,"43":0,"44":0,"45":0,"46":0,"47":0,"48":0},"f":{"0":0,"1":0,"2":0,"3":0,"4":0,"5":0},"b":{"0":[0,0],"1":[0,0],"2":[0],"3":[0],"4":[0,0],"5":[0,0],"6":[0],"7":[0,0],"8":[0,0],"9":[0],"10":[0,0],"11":[0,0],"12":[0]}}
,"/Users/gulzada/dev/stellar-burgers/src/components/burger-ingredients/index.ts": {"path":"/Users/gulzada/dev/stellar-burgers/src/components/burger-ingredients/index.ts","statementMap":{"0":{"start":{"line":1,"column":0},"end":{"line":1,"column":9}},"1":{"start":{"line":1,"column":9},"end":{"line":1,"column":57}}},"fnMap":{"0":{"name":"(anonymous_0)","decl":{"start":{"line":1,"column":9},"end":{"line":1,"column":26}},"loc":{"start":{"line":1,"column":9},"end":{"line":1,"column":57}}}},"branchMap":{},"s":{"0":0,"1":0},"f":{"0":0},"b":{}}
,"/Users/gulzada/dev/stellar-burgers/src/components/feed-info/feed-info.tsx": {"path":"/Users/gulzada/dev/stellar-burgers/src/components/feed-info/feed-info.tsx","statementMap":{"0":{"start":{"line":3,"column":0},"end":{"line":3,"column":45}},"1":{"start":{"line":4,"column":0},"end":{"line":4,"column":51}},"2":{"start":{"line":6,"column":18},"end":{"line":7,"column":8}},"3":{"start":{"line":7,"column":2},"end":{"line":10,"column":18}},"4":{"start":{"line":8,"column":22},"end":{"line":8,"column":45}},"5":{"start":{"line":9,"column":19},"end":{"line":9,"column":31}},"6":{"start":{"line":12,"column":28},"end":{"line":26,"column":1}},"7":{"start":{"line":13,"column":15},"end":{"line":13,"column":50}},"8":{"start":{"line":13,"column":38},"end":{"line":13,"column":50}},"9":{"start":{"line":14,"column":27},"end":{"line":14,"column":38}},"10":{"start":{"line":16,"column":22},"end":{"line":16,"column":47}},"11":{"start":{"line":17,"column":24},"end":{"line":17,"column":52}},"12":{"start":{"line":19,"column":2},"end":{"line":25,"column":4}},"13":{"start":{"line":12,"column":13},"end":{"line":12,"column":28}}},"fnMap":{"0":{"name":"(anonymous_0)","decl":{"start":{"line":6,"column":18},"end":{"line":6,"column":19}},"loc":{"start":{"line":6,"column":51},"end":{"line":7,"column":8}}},"1":{"name":"(anonymous_1)","decl":{"start":{"line":8,"column":12},"end":{"line":8,"column":13}},"loc":{"start":{"line":8,"column":17},"end":{"line":8,"column":26}}},"2":{"name":"(anonymous_2)","decl":{"start":{"line":9,"column":9},"end":{"line":9,"column":10}},"loc":{"start":{"line":9,"column":14},"end":{"line":9,"column":23}}},"3":{"name":"(anonymous_3)","decl":{"start":{"line":12,"column":28},"end":{"line":12,"column":null}},"loc":{"start":{"line":12,"column":28},"end":{"line":26,"column":1}}},"4":{"name":"(anonymous_4)","decl":{"start":{"line":13,"column":27},"end":{"line":13,"column":28}},"loc":{"start":{"line":13,"column":33},"end":{"line":13,"column":43}}}},"branchMap":{},"s":{"0":0,"1":0,"2":0,"3":0,"4":0,"5":0,"6":0,"7":0,"8":0,"9":0,"10":0,"11":0,"12":0,"13":0},"f":{"0":0,"1":0,"2":0,"3":0,"4":0},"b":{}}
,"/Users/gulzada/dev/stellar-burgers/src/components/feed-info/index.ts": {"path":"/Users/gulzada/dev/stellar-burgers/src/components/feed-info/index.ts","statementMap":{"0":{"start":{"line":1,"column":0},"end":{"line":1,"column":9}},"1":{"start":{"line":1,"column":9},"end":{"line":1,"column":39}}},"fnMap":{"0":{"name":"(anonymous_0)","decl":{"start":{"line":1,"column":9},"end":{"line":1,"column":17}},"loc":{"start":{"line":1,"column":9},"end":{"line":1,"column":39}}}},"branchMap":{},"s":{"0":0,"1":0},"f":{"0":0},"b":{}}
,"/Users/gulzada/dev/stellar-burgers/src/components/ingredient-details/index.ts": {"path":"/Users/gulzada/dev/stellar-burgers/src/components/ingredient-details/index.ts","statementMap":{"0":{"start":{"line":1,"column":0},"end":{"line":1,"column":9}},"1":{"start":{"line":1,"column":9},"end":{"line":1,"column":57}}},"fnMap":{"0":{"name":"(anonymous_0)","decl":{"start":{"line":1,"column":9},"end":{"line":1,"column":26}},"loc":{"start":{"line":1,"column":9},"end":{"line":1,"column":57}}}},"branchMap":{},"s":{"0":0,"1":0},"f":{"0":0},"b":{}}
,"/Users/gulzada/dev/stellar-burgers/src/components/ingredient-details/ingredient-details.tsx": {"path":"/Users/gulzada/dev/stellar-burgers/src/components/ingredient-details/ingredient-details.tsx","statementMap":{"0":{"start":{"line":2,"column":0},"end":{"line":2,"column":44}},"1":{"start":{"line":3,"column":0},"end":{"line":3,"column":63}},"2":{"start":{"line":4,"column":0},"end":{"line":4,"column":58}},"3":{"start":{"line":5,"column":0},"end":{"line":5,"column":51}},"4":{"start":{"line":6,"column":0},"end":{"line":6,"column":null}},"5":{"start":{"line":11,"column":37},"end":{"line":27,"column":1}},"6":{"start":{"line":12,"column":17},"end":{"line":12,"column":45}},"7":{"start":{"line":13,"column":19},"end":{"line":13,"column":32}},"8":{"start":{"line":14,"column":18},"end":{"line":14,"column":47}},"9":{"start":{"line":16,"column":22},"end":{"line":16,"column":54}},"10":{"start":{"line":17,"column":31},"end":{"line":17,"column":61}},"11":{"start":{"line":18,"column":25},"end":{"line":19,"column":null}},"12":{"start":{"line":19,"column":42},"end":{"line":19,"column":null}},"13":{"start":{"line":22,"column":2},"end":{"line":24,"column":3}},"14":{"start":{"line":23,"column":4},"end":{"line":23,"column":25}},"15":{"start":{"line":26,"column":2},"end":{"line":26,"column":65}},"16":{"start":{"line":11,"column":13},"end":{"line":11,"column":37}}},"fnMap":{"0":{"name":"(anonymous_0)","decl":{"start":{"line":11,"column":37},"end":{"line":11,"column":null}},"loc":{"start":{"line":11,"column":37},"end":{"line":27,"column":1}}},"1":{"name":"(anonymous_1)","decl":{"start":{"line":19,"column":4},"end":{"line":19,"column":5}},"loc":{"start":{"line":19,"column":37},"end":{"line":19,"column":45}}}},"branchMap":{"0":{"loc":{"start":{"line":14,"column":20},"end":{"line":14,"column":46}},"type":"cond-expr","locations":[{"start":{"line":14,"column":34},"end":{"line":14,"column":36}},{"start":{"line":14,"column":34},"end":{"line":14,"column":46}}]},"1":{"loc":{"start":{"line":14,"column":20},"end":{"line":14,"column":36}},"type":"binary-expr","locations":[{"start":{"line":14,"column":20},"end":{"line":14,"column":36}},{"start":{"line":14,"column":34},"end":{"line":14,"column":36}}]},"2":{"loc":{"start":{"line":22,"column":2},"end":{"line":24,"column":3}},"type":"if","locations":[{"start":{"line":22,"column":2},"end":{"line":24,"column":3}}]},"3":{"loc":{"start":{"line":22,"column":6},"end":{"line":22,"column":45}},"type":"binary-expr","locations":[{"start":{"line":22,"column":6},"end":{"line":22,"column":26}},{"start":{"line":22,"column":30},"end":{"line":22,"column":45}}]}},"s":{"0":0,"1":0,"2":0,"3":0,"4":0,"5":0,"6":0,"7":0,"8":0,"9":0,"10":0,"11":0,"12":0,"13":0,"14":0,"15":0,"16":0},"f":{"0":0,"1":0},"b":{"0":[0,0],"1":[0,0],"2":[0],"3":[0,0]}}
,"/Users/gulzada/dev/stellar-burgers/src/components/ingredients-category/index.ts": {"path":"/Users/gulzada/dev/stellar-burgers/src/components/ingredients-category/index.ts","statementMap":{"0":{"start":{"line":1,"column":0},"end":{"line":1,"column":9}},"1":{"start":{"line":1,"column":9},"end":{"line":1,"column":61}}},"fnMap":{"0":{"name":"(anonymous_0)","decl":{"start":{"line":1,"column":9},"end":{"line":1,"column":28}},"loc":{"start":{"line":1,"column":9},"end":{"line":1,"column":61}}}},"branchMap":{},"s":{"0":0,"1":0},"f":{"0":0},"b":{}}
,"/Users/gulzada/dev/stellar-burgers/src/components/ingredients-category/ingredients-category.tsx": {"path":"/Users/gulzada/dev/stellar-burgers/src/components/ingredients-category/ingredients-category.tsx","statementMap":{"0":{"start":{"line":1,"column":0},"end":{"line":1,"column":44}},"1":{"start":{"line":2,"column":0},"end":{"line":2,"column":51}},"2":{"start":{"line":3,"column":0},"end":{"line":3,"column":77}},"3":{"start":{"line":6,"column":0},"end":{"line":6,"column":67}},"4":{"start":{"line":8,"column":13},"end":{"line":33,"column":3}},"5":{"start":{"line":11,"column":10},"end":{"line":11,"column":12}},"6":{"start":{"line":11,"column":20},"end":{"line":11,"column":22}},"7":{"start":{"line":11,"column":33},"end":{"line":11,"column":35}},"8":{"start":{"line":12,"column":28},"end":{"line":12,"column":60}},"9":{"start":{"line":14,"column":30},"end":{"line":22,"column":25}},"10":{"start":{"line":15,"column":57},"end":{"line":15,"column":75}},"11":{"start":{"line":16,"column":48},"end":{"line":16,"column":50}},"12":{"start":{"line":17,"column":4},"end":{"line":19,"column":7}},"13":{"start":{"line":18,"column":6},"end":{"line":18,"column":69}},"14":{"start":{"line":20,"column":4},"end":{"line":20,"column":35}},"15":{"start":{"line":20,"column":13},"end":{"line":20,"column":35}},"16":{"start":{"line":21,"column":4},"end":{"line":21,"column":20}},"17":{"start":{"line":24,"column":2},"end":{"line":32,"column":4}}},"fnMap":{"0":{"name":"(anonymous_0)","decl":{"start":{"line":11,"column":2},"end":{"line":11,"column":3}},"loc":{"start":{"line":11,"column":40},"end":{"line":33,"column":1}}},"1":{"name":"(anonymous_1)","decl":{"start":{"line":14,"column":38},"end":{"line":14,"column":null}},"loc":{"start":{"line":14,"column":38},"end":{"line":22,"column":3}}},"2":{"name":"(anonymous_2)","decl":{"start":{"line":17,"column":35},"end":{"line":17,"column":36}},"loc":{"start":{"line":17,"column":59},"end":{"line":19,"column":5}}}},"branchMap":{"0":{"loc":{"start":{"line":18,"column":34},"end":{"line":18,"column":63}},"type":"binary-expr","locations":[{"start":{"line":18,"column":34},"end":{"line":18,"column":58}},{"start":{"line":18,"column":62},"end":{"line":18,"column":63}}]},"1":{"loc":{"start":{"line":20,"column":4},"end":{"line":20,"column":35}},"type":"if","locations":[{"start":{"line":20,"column":4},"end":{"line":20,"column":35}}]}},"s":{"0":0,"1":0,"2":0,"3":0,"4":0,"5":0,"6":0,"7":0,"8":0,"9":0,"10":0,"11":0,"12":0,"13":0,"14":0,"15":0,"16":0,"17":0},"f":{"0":0,"1":0,"2":0},"b":{"0":[0,0],"1":[0]}}
,"/Users/gulzada/dev/stellar-burgers/src/components/modal/index.ts": {"path":"/Users/gulzada/dev/stellar-burgers/src/components/modal/index.ts","statementMap":{"0":{"start":{"line":1,"column":0},"end":{"line":1,"column":9}},"1":{"start":{"line":1,"column":9},"end":{"line":1,"column":32}}},"fnMap":{"0":{"name":"(anonymous_0)","decl":{"start":{"line":1,"column":9},"end":{"line":1,"column":14}},"loc":{"start":{"line":1,"column":9},"end":{"line":1,"column":32}}}},"branchMap":{},"s":{"0":0,"1":0},"f":{"0":0},"b":{}}
,"/Users/gulzada/dev/stellar-burgers/src/components/modal/modal.tsx": {"path":"/Users/gulzada/dev/stellar-burgers/src/components/modal/modal.tsx","statementMap":{"0":{"start":{"line":1,"column":0},"end":{"line":1,"column":44}},"1":{"start":{"line":2,"column":0},"end":{"line":2,"column":33}},"2":{"start":{"line":5,"column":0},"end":{"line":5,"column":32}},"3":{"start":{"line":7,"column":18},"end":{"line":7,"column":51}},"4":{"start":{"line":9,"column":13},"end":{"line":27,"column":3}},"5":{"start":{"line":9,"column":51},"end":{"line":9,"column":53}},"6":{"start":{"line":9,"column":60},"end":{"line":9,"column":62}},"7":{"start":{"line":9,"column":70},"end":{"line":9,"column":72}},"8":{"start":{"line":10,"column":2},"end":{"line":19,"column":16}},"9":{"start":{"line":11,"column":22},"end":{"line":13,"column":5}},"10":{"start":{"line":12,"column":6},"end":{"line":12,"column":38}},"11":{"start":{"line":15,"column":4},"end":{"line":15,"column":52}},"12":{"start":{"line":16,"column":4},"end":{"line":18,"column":6}},"13":{"start":{"line":17,"column":6},"end":{"line":17,"column":57}},"14":{"start":{"line":21,"column":2},"end":{"line":26,"column":4}}},"fnMap":{"0":{"name":"(anonymous_1)","decl":{"start":{"line":9,"column":43},"end":{"line":9,"column":44}},"loc":{"start":{"line":9,"column":72},"end":{"line":27,"column":1}}},"1":{"name":"(anonymous_2)","decl":{"start":{"line":10,"column":12},"end":{"line":10,"column":null}},"loc":{"start":{"line":10,"column":12},"end":{"line":19,"column":3}}},"2":{"name":"(anonymous_3)","decl":{"start":{"line":11,"column":22},"end":{"line":11,"column":23}},"loc":{"start":{"line":11,"column":39},"end":{"line":13,"column":5}}},"3":{"name":"(anonymous_4)","decl":{"start":{"line":16,"column":11},"end":{"line":16,"column":null}},"loc":{"start":{"line":16,"column":11},"end":{"line":18,"column":5}}}},"branchMap":{"0":{"loc":{"start":{"line":12,"column":6},"end":{"line":12,"column":37}},"type":"binary-expr","locations":[{"start":{"line":12,"column":6},"end":{"line":12,"column":24}},{"start":{"line":12,"column":28},"end":{"line":12,"column":37}}]}},"s":{"0":0,"1":0,"2":0,"3":0,"4":0,"5":0,"6":0,"7":0,"8":0,"9":0,"10":0,"11":0,"12":0,"13":0,"14":0},"f":{"0":0,"1":0,"2":0,"3":0},"b":{"0":[0,0]}}
,"/Users/gulzada/dev/stellar-burgers/src/components/modal-confirm-logout/index.ts": {"path":"/Users/gulzada/dev/stellar-burgers/src/components/modal-confirm-logout/index.ts","statementMap":{"0":{"start":{"line":1,"column":0},"end":{"line":1,"column":9}},"1":{"start":{"line":1,"column":9},"end":{"line":1,"column":60}}},"fnMap":{"0":{"name":"(anonymous_0)","decl":{"start":{"line":1,"column":9},"end":{"line":1,"column":27}},"loc":{"start":{"line":1,"column":9},"end":{"line":1,"column":60}}}},"branchMap":{},"s":{"0":0,"1":0},"f":{"0":0},"b":{}}
,"/Users/gulzada/dev/stellar-burgers/src/components/modal-confirm-logout/modal-confirm-logout.tsx": {"path":"/Users/gulzada/dev/stellar-burgers/src/components/modal-confirm-logout/modal-confirm-logout.tsx","statementMap":{"0":{"start":{"line":1,"column":0},"end":{"line":1,"column":33}},"1":{"start":{"line":2,"column":0},"end":{"line":2,"column":66}},"2":{"start":{"line":5,"column":13},"end":{"line":12,"column":2}},"3":{"start":{"line":6,"column":18},"end":{"line":6,"column":20}},"4":{"start":{"line":6,"column":32},"end":{"line":6,"column":34}},"5":{"start":{"line":6,"column":39},"end":{"line":11,"column":null}}},"fnMap":{"0":{"name":"(anonymous_0)","decl":{"start":{"line":6,"column":2},"end":{"line":6,"column":3}},"loc":{"start":{"line":6,"column":34},"end":{"line":6,"column":null}}}},"branchMap":{},"s":{"0":0,"1":0,"2":0,"3":0,"4":0,"5":0},"f":{"0":0},"b":{}}
,"/Users/gulzada/dev/stellar-burgers/src/components/order-card/index.ts": {"path":"/Users/gulzada/dev/stellar-burgers/src/components/order-card/index.ts","statementMap":{"0":{"start":{"line":1,"column":0},"end":{"line":1,"column":9}},"1":{"start":{"line":1,"column":9},"end":{"line":1,"column":41}}},"fnMap":{"0":{"name":"(anonymous_0)","decl":{"start":{"line":1,"column":9},"end":{"line":1,"column":18}},"loc":{"start":{"line":1,"column":9},"end":{"line":1,"column":41}}}},"branchMap":{},"s":{"0":0,"1":0},"f":{"0":0},"b":{}}
,"/Users/gulzada/dev/stellar-burgers/src/components/order-card/order-card.tsx": {"path":"/Users/gulzada/dev/stellar-burgers/src/components/order-card/order-card.tsx","statementMap":{"0":{"start":{"line":1,"column":0},"end":{"line":1,"column":42}},"1":{"start":{"line":2,"column":0},"end":{"line":2,"column":47}},"2":{"start":{"line":6,"column":0},"end":{"line":6,"column":47}},"3":{"start":{"line":7,"column":0},"end":{"line":7,"column":51}},"4":{"start":{"line":8,"column":0},"end":{"line":8,"column":77}},"5":{"start":{"line":10,"column":23},"end":{"line":10,"column":24}},"6":{"start":{"line":12,"column":13},"end":{"line":53,"column":3}},"7":{"start":{"line":12,"column":58},"end":{"line":12,"column":60}},"8":{"start":{"line":13,"column":19},"end":{"line":13,"column":32}},"9":{"start":{"line":14,"column":37},"end":{"line":14,"column":69}},"10":{"start":{"line":16,"column":20},"end":{"line":44,"column":26}},"11":{"start":{"line":17,"column":28},"end":{"line":23,"column":null}},"12":{"start":{"line":19,"column":27},"end":{"line":19,"column":70}},"13":{"start":{"line":19,"column":53},"end":{"line":19,"column":70}},"14":{"start":{"line":20,"column":8},"end":{"line":20,"column":52}},"15":{"start":{"line":20,"column":24},"end":{"line":20,"column":52}},"16":{"start":{"line":21,"column":8},"end":{"line":21,"column":19}},"17":{"start":{"line":26,"column":18},"end":{"line":26,"column":76}},"18":{"start":{"line":26,"column":56},"end":{"line":26,"column":74}},"19":{"start":{"line":28,"column":30},"end":{"line":28,"column":70}},"20":{"start":{"line":31,"column":6},"end":{"line":33,"column":11}},"21":{"start":{"line":35,"column":17},"end":{"line":35,"column":42}},"22":{"start":{"line":36,"column":4},"end":{"line":42,"column":null}},"23":{"start":{"line":46,"column":2},"end":{"line":52,"column":4}}},"fnMap":{"0":{"name":"(anonymous_3)","decl":{"start":{"line":12,"column":50},"end":{"line":12,"column":51}},"loc":{"start":{"line":12,"column":60},"end":{"line":53,"column":1}}},"1":{"name":"(anonymous_4)","decl":{"start":{"line":16,"column":28},"end":{"line":16,"column":null}},"loc":{"start":{"line":16,"column":28},"end":{"line":44,"column":3}}},"2":{"name":"(anonymous_5)","decl":{"start":{"line":18,"column":6},"end":{"line":18,"column":7}},"loc":{"start":{"line":18,"column":39},"end":{"line":22,"column":7}}},"3":{"name":"(anonymous_6)","decl":{"start":{"line":19,"column":44},"end":{"line":19,"column":45}},"loc":{"start":{"line":19,"column":48},"end":{"line":19,"column":56}}},"4":{"name":"(anonymous_7)","decl":{"start":{"line":26,"column":41},"end":{"line":26,"column":42}},"loc":{"start":{"line":26,"column":51},"end":{"line":26,"column":59}}}},"branchMap":{"0":{"loc":{"start":{"line":20,"column":8},"end":{"line":20,"column":52}},"type":"if","locations":[{"start":{"line":20,"column":8},"end":{"line":20,"column":52}}]},"1":{"loc":{"start":{"line":31,"column":6},"end":{"line":33,"column":11}},"type":"cond-expr","locations":[{"start":{"line":32,"column":10},"end":{"line":32,"column":49}},{"start":{"line":33,"column":10},"end":{"line":33,"column":11}}]}},"s":{"0":0,"1":0,"2":0,"3":0,"4":0,"5":0,"6":0,"7":0,"8":0,"9":0,"10":0,"11":0,"12":0,"13":0,"14":0,"15":0,"16":0,"17":0,"18":0,"19":0,"20":0,"21":0,"22":0,"23":0},"f":{"0":0,"1":0,"2":0,"3":0,"4":0},"b":{"0":[0],"1":[0,0]}}
,"/Users/gulzada/dev/stellar-burgers/src/components/order-info/index.ts": {"path":"/Users/gulzada/dev/stellar-burgers/src/components/order-info/index.ts","statementMap":{"0":{"start":{"line":1,"column":0},"end":{"line":1,"column":9}},"1":{"start":{"line":1,"column":9},"end":{"line":1,"column":41}}},"fnMap":{"0":{"name":"(anonymous_0)","decl":{"start":{"line":1,"column":9},"end":{"line":1,"column":18}},"loc":{"start":{"line":1,"column":9},"end":{"line":1,"column":41}}}},"branchMap":{},"s":{"0":0,"1":0},"f":{"0":0},"b":{}}
,"/Users/gulzada/dev/stellar-burgers/src/components/order-info/order-info.tsx": {"path":"/Users/gulzada/dev/stellar-burgers/src/components/order-info/order-info.tsx","statementMap":{"0":{"start":{"line":1,"column":0},"end":{"line":1,"column":47}},"1":{"start":{"line":2,"column":0},"end":{"line":2,"column":44}},"2":{"start":{"line":3,"column":0},"end":{"line":3,"column":47}},"3":{"start":{"line":5,"column":0},"end":{"line":5,"column":58}},"4":{"start":{"line":6,"column":0},"end":{"line":6,"column":64}},"5":{"start":{"line":7,"column":0},"end":{"line":7,"column":null}},"6":{"start":{"line":12,"column":0},"end":{"line":12,"column":70}},"7":{"start":{"line":13,"column":0},"end":{"line":13,"column":81}},"8":{"start":{"line":14,"column":0},"end":{"line":14,"column":77}},"9":{"start":{"line":16,"column":29},"end":{"line":93,"column":1}},"10":{"start":{"line":17,"column":21},"end":{"line":17,"column":33}},"11":{"start":{"line":18,"column":19},"end":{"line":18,"column":32}},"12":{"start":{"line":19,"column":19},"end":{"line":19,"column":32}},"13":{"start":{"line":20,"column":18},"end":{"line":20,"column":47}},"14":{"start":{"line":22,"column":25},"end":{"line":22,"column":57}},"15":{"start":{"line":23,"column":28},"end":{"line":23,"column":62}},"16":{"start":{"line":24,"column":23},"end":{"line":24,"column":49}},"17":{"start":{"line":25,"column":25},"end":{"line":25,"column":55}},"18":{"start":{"line":26,"column":22},"end":{"line":26,"column":54}},"19":{"start":{"line":28,"column":20},"end":{"line":37,"column":18}},"20":{"start":{"line":31,"column":10},"end":{"line":31,"column":null}},"21":{"start":{"line":35,"column":10},"end":{"line":35,"column":null}},"22":{"start":{"line":39,"column":20},"end":{"line":79,"column":30}},"23":{"start":{"line":40,"column":4},"end":{"line":40,"column":55}},"24":{"start":{"line":40,"column":43},"end":{"line":40,"column":55}},"25":{"start":{"line":42,"column":17},"end":{"line":42,"column":46}},"26":{"start":{"line":48,"column":28},"end":{"line":66,"column":null}},"27":{"start":{"line":50,"column":8},"end":{"line":62,"column":9}},"28":{"start":{"line":51,"column":29},"end":{"line":52,"column":null}},"29":{"start":{"line":52,"column":47},"end":{"line":52,"column":null}},"30":{"start":{"line":54,"column":10},"end":{"line":59,"column":11}},"31":{"start":{"line":55,"column":12},"end":{"line":58,"column":14}},"32":{"start":{"line":61,"column":10},"end":{"line":61,"column":28}},"33":{"start":{"line":64,"column":8},"end":{"line":64,"column":19}},"34":{"start":{"line":70,"column":6},"end":{"line":71,"column":61}},"35":{"start":{"line":71,"column":28},"end":{"line":71,"column":59}},"36":{"start":{"line":73,"column":4},"end":{"line":77,"column":null}},"37":{"start":{"line":81,"column":2},"end":{"line":86,"column":34}},"38":{"start":{"line":82,"column":4},"end":{"line":85,"column":5}},"39":{"start":{"line":83,"column":26},"end":{"line":83,"column":40}},"40":{"start":{"line":84,"column":6},"end":{"line":84,"column":46}},"41":{"start":{"line":88,"column":2},"end":{"line":90,"column":3}},"42":{"start":{"line":89,"column":4},"end":{"line":89,"column":25}},"43":{"start":{"line":92,"column":2},"end":{"line":92,"column":65}},"44":{"start":{"line":16,"column":13},"end":{"line":16,"column":29}}},"fnMap":{"0":{"name":"(anonymous_2)","decl":{"start":{"line":16,"column":29},"end":{"line":16,"column":null}},"loc":{"start":{"line":16,"column":29},"end":{"line":93,"column":1}}},"1":{"name":"(anonymous_3)","decl":{"start":{"line":30,"column":8},"end":{"line":30,"column":9}},"loc":{"start":{"line":30,"column":66},"end":{"line":31,"column":15}}},"2":{"name":"(anonymous_4)","decl":{"start":{"line":34,"column":8},"end":{"line":34,"column":9}},"loc":{"start":{"line":34,"column":66},"end":{"line":35,"column":15}}},"3":{"name":"(anonymous_5)","decl":{"start":{"line":39,"column":28},"end":{"line":39,"column":null}},"loc":{"start":{"line":39,"column":28},"end":{"line":79,"column":3}}},"4":{"name":"(anonymous_6)","decl":{"start":{"line":49,"column":6},"end":{"line":49,"column":7}},"loc":{"start":{"line":49,"column":56},"end":{"line":65,"column":7}}},"5":{"name":"(anonymous_7)","decl":{"start":{"line":52,"column":12},"end":{"line":52,"column":13}},"loc":{"start":{"line":52,"column":42},"end":{"line":52,"column":50}}},"6":{"name":"(anonymous_8)","decl":{"start":{"line":71,"column":13},"end":{"line":71,"column":14}},"loc":{"start":{"line":71,"column":23},"end":{"line":71,"column":31}}},"7":{"name":"(anonymous_9)","decl":{"start":{"line":81,"column":12},"end":{"line":81,"column":null}},"loc":{"start":{"line":81,"column":12},"end":{"line":86,"column":3}}}},"branchMap":{"0":{"loc":{"start":{"line":20,"column":20},"end":{"line":20,"column":46}},"type":"cond-expr","locations":[{"start":{"line":20,"column":34},"end":{"line":20,"column":36}},{"start":{"line":20,"column":34},"end":{"line":20,"column":46}}]},"1":{"loc":{"start":{"line":20,"column":20},"end":{"line":20,"column":36}},"type":"binary-expr","locations":[{"start":{"line":20,"column":20},"end":{"line":20,"column":36}},{"start":{"line":20,"column":34},"end":{"line":20,"column":36}}]},"2":{"loc":{"start":{"line":28,"column":20},"end":{"line":37,"column":18}},"type":"cond-expr","locations":[{"start":{"line":29,"column":6},"end":{"line":35,"column":null}},{"start":{"line":37,"column":6},"end":{"line":37,"column":18}}]},"3":{"loc":{"start":{"line":29,"column":6},"end":{"line":35,"column":null}},"type":"binary-expr","locations":[{"start":{"line":29,"column":6},"end":{"line":31,"column":null}},{"start":{"line":33,"column":6},"end":{"line":35,"column":null}}]},"4":{"loc":{"start":{"line":40,"column":4},"end":{"line":40,"column":55}},"type":"if","locations":[{"start":{"line":40,"column":4},"end":{"line":40,"column":55}}]},"5":{"loc":{"start":{"line":40,"column":8},"end":{"line":40,"column":41}},"type":"binary-expr","locations":[{"start":{"line":40,"column":8},"end":{"line":40,"column":18}},{"start":{"line":40,"column":22},"end":{"line":40,"column":41}}]},"6":{"loc":{"start":{"line":50,"column":8},"end":{"line":62,"column":9}},"type":"if","locations":[{"start":{"line":50,"column":8},"end":{"line":62,"column":9}},{"start":{"line":60,"column":15},"end":{"line":62,"column":9}}]},"7":{"loc":{"start":{"line":54,"column":10},"end":{"line":59,"column":11}},"type":"if","locations":[{"start":{"line":54,"column":10},"end":{"line":59,"column":11}}]},"8":{"loc":{"start":{"line":82,"column":4},"end":{"line":85,"column":5}},"type":"if","locations":[{"start":{"line":82,"column":4},"end":{"line":85,"column":5}}]},"9":{"loc":{"start":{"line":82,"column":8},"end":{"line":82,"column":26}},"type":"binary-expr","locations":[{"start":{"line":82,"column":8},"end":{"line":82,"column":14}},{"start":{"line":82,"column":18},"end":{"line":82,"column":26}}]},"10":{"loc":{"start":{"line":88,"column":2},"end":{"line":90,"column":3}},"type":"if","locations":[{"start":{"line":88,"column":2},"end":{"line":90,"column":3}}]},"11":{"loc":{"start":{"line":88,"column":6},"end":{"line":88,"column":34}},"type":"binary-expr","locations":[{"start":{"line":88,"column":6},"end":{"line":88,"column":20}},{"start":{"line":88,"column":24},"end":{"line":88,"column":34}}]}},"s":{"0":0,"1":0,"2":0,"3":0,"4":0,"5":0,"6":0,"7":0,"8":0,"9":0,"10":0,"11":0,"12":0,"13":0,"14":0,"15":0,"16":0,"17":0,"18":0,"19":0,"20":0,"21":0,"22":0,"23":0,"24":0,"25":0,"26":0,"27":0,"28":0,"29":0,"30":0,"31":0,"32":0,"33":0,"34":0,"35":0,"36":0,"37":0,"38":0,"39":0,"40":0,"41":0,"42":0,"43":0,"44":0},"f":{"0":0,"1":0,"2":0,"3":0,"4":0,"5":0,"6":0,"7":0},"b":{"0":[0,0],"1":[0,0],"2":[0,0],"3":[0,0],"4":[0],"5":[0,0],"6":[0,0],"7":[0],"8":[0],"9":[0,0],"10":[0],"11":[0,0]}}
,"/Users/gulzada/dev/stellar-burgers/src/components/order-status/index.ts": {"path":"/Users/gulzada/dev/stellar-burgers/src/components/order-status/index.ts","statementMap":{"0":{"start":{"line":1,"column":0},"end":{"line":1,"column":9}},"1":{"start":{"line":1,"column":9},"end":{"line":1,"column":45}}},"fnMap":{"0":{"name":"(anonymous_0)","decl":{"start":{"line":1,"column":9},"end":{"line":1,"column":20}},"loc":{"start":{"line":1,"column":9},"end":{"line":1,"column":45}}}},"branchMap":{},"s":{"0":0,"1":0},"f":{"0":0},"b":{}}
,"/Users/gulzada/dev/stellar-burgers/src/components/order-status/order-status.tsx": {"path":"/Users/gulzada/dev/stellar-burgers/src/components/order-status/order-status.tsx","statementMap":{"0":{"start":{"line":3,"column":0},"end":{"line":3,"column":36}},"1":{"start":{"line":5,"column":46},"end":{"line":9,"column":2}},"2":{"start":{"line":11,"column":49},"end":{"line":25,"column":1}},"3":{"start":{"line":11,"column":58},"end":{"line":11,"column":60}},"4":{"start":{"line":12,"column":18},"end":{"line":12,"column":20}},"5":{"start":{"line":13,"column":2},"end":{"line":22,"column":3}},"6":{"start":{"line":15,"column":6},"end":{"line":15,"column":28}},"7":{"start":{"line":16,"column":6},"end":{"line":16,"column":12}},"8":{"start":{"line":18,"column":6},"end":{"line":18,"column":28}},"9":{"start":{"line":19,"column":6},"end":{"line":19,"column":12}},"10":{"start":{"line":21,"column":6},"end":{"line":21,"column":28}},"11":{"start":{"line":24,"column":2},"end":{"line":24,"column":75}},"12":{"start":{"line":11,"column":13},"end":{"line":11,"column":49}}},"fnMap":{"0":{"name":"(anonymous_0)","decl":{"start":{"line":11,"column":49},"end":{"line":11,"column":50}},"loc":{"start":{"line":11,"column":60},"end":{"line":25,"column":1}}}},"branchMap":{"0":{"loc":{"start":{"line":13,"column":2},"end":{"line":22,"column":3}},"type":"switch","locations":[{"start":{"line":14,"column":4},"end":{"line":16,"column":12}},{"start":{"line":17,"column":4},"end":{"line":19,"column":12}},{"start":{"line":20,"column":4},"end":{"line":21,"column":28}}]}},"s":{"0":0,"1":0,"2":0,"3":0,"4":0,"5":0,"6":0,"7":0,"8":0,"9":0,"10":0,"11":0,"12":0},"f":{"0":0},"b":{"0":[0,0,0]}}
,"/Users/gulzada/dev/stellar-burgers/src/components/orders-list/index.ts": {"path":"/Users/gulzada/dev/stellar-burgers/src/components/orders-list/index.ts","statementMap":{"0":{"start":{"line":1,"column":0},"end":{"line":1,"column":9}},"1":{"start":{"line":1,"column":9},"end":{"line":1,"column":43}}},"fnMap":{"0":{"name":"(anonymous_0)","decl":{"start":{"line":1,"column":9},"end":{"line":1,"column":19}},"loc":{"start":{"line":1,"column":9},"end":{"line":1,"column":43}}}},"branchMap":{},"s":{"0":0,"1":0},"f":{"0":0},"b":{}}
,"/Users/gulzada/dev/stellar-burgers/src/components/orders-list/orders-list.tsx": {"path":"/Users/gulzada/dev/stellar-burgers/src/components/orders-list/orders-list.tsx","statementMap":{"0":{"start":{"line":1,"column":0},"end":{"line":1,"column":42}},"1":{"start":{"line":4,"column":0},"end":{"line":4,"column":35}},"2":{"start":{"line":6,"column":13},"end":{"line":17,"column":3}},"3":{"start":{"line":6,"column":61},"end":{"line":6,"column":63}},"4":{"start":{"line":7,"column":22},"end":{"line":13,"column":null}},"5":{"start":{"line":9,"column":6},"end":{"line":12,"column":null}},"6":{"start":{"line":11,"column":10},"end":{"line":11,"column":null}},"7":{"start":{"line":16,"column":2},"end":{"line":16,"column":52}}},"fnMap":{"0":{"name":"(anonymous_1)","decl":{"start":{"line":6,"column":52},"end":{"line":6,"column":53}},"loc":{"start":{"line":6,"column":63},"end":{"line":17,"column":1}}},"1":{"name":"(anonymous_2)","decl":{"start":{"line":8,"column":4},"end":{"line":8,"column":null}},"loc":{"start":{"line":8,"column":4},"end":{"line":9,"column":10}}},"2":{"name":"(anonymous_3)","decl":{"start":{"line":10,"column":8},"end":{"line":10,"column":9}},"loc":{"start":{"line":10,"column":13},"end":{"line":11,"column":14}}}},"branchMap":{},"s":{"0":0,"1":0,"2":0,"3":0,"4":0,"5":0,"6":0,"7":0},"f":{"0":0,"1":0,"2":0},"b":{}}
,"/Users/gulzada/dev/stellar-burgers/src/components/profile-menu/index.ts": {"path":"/Users/gulzada/dev/stellar-burgers/src/components/profile-menu/index.ts","statementMap":{"0":{"start":{"line":1,"column":0},"end":{"line":1,"column":9}},"1":{"start":{"line":1,"column":9},"end":{"line":1,"column":45}}},"fnMap":{"0":{"name":"(anonymous_0)","decl":{"start":{"line":1,"column":9},"end":{"line":1,"column":20}},"loc":{"start":{"line":1,"column":9},"end":{"line":1,"column":45}}}},"branchMap":{},"s":{"0":0,"1":0},"f":{"0":0},"b":{}}
,"/Users/gulzada/dev/stellar-burgers/src/components/profile-menu/profile-menu.tsx": {"path":"/Users/gulzada/dev/stellar-burgers/src/components/profile-menu/profile-menu.tsx","statementMap":{"0":{"start":{"line":1,"column":0},"end":{"line":1,"column":37}},"1":{"start":{"line":2,"column":0},"end":{"line":2,"column":60}},"2":{"start":{"line":3,"column":0},"end":{"line":3,"column":36}},"3":{"start":{"line":4,"column":0},"end":{"line":4,"column":51}},"4":{"start":{"line":5,"column":0},"end":{"line":5,"column":57}},"5":{"start":{"line":6,"column":0},"end":{"line":6,"column":33}},"6":{"start":{"line":7,"column":0},"end":{"line":7,"column":82}},"7":{"start":{"line":9,"column":31},"end":{"line":48,"column":1}},"8":{"start":{"line":10,"column":23},"end":{"line":10,"column":37}},"9":{"start":{"line":11,"column":19},"end":{"line":11,"column":32}},"10":{"start":{"line":12,"column":19},"end":{"line":12,"column":32}},"11":{"start":{"line":13,"column":40},"end":{"line":13,"column":55}},"12":{"start":{"line":13,"column":20},"end":{"line":13,"column":22}},"13":{"start":{"line":13,"column":36},"end":{"line":13,"column":40}},"14":{"start":{"line":15,"column":28},"end":{"line":17,"column":3}},"15":{"start":{"line":16,"column":4},"end":{"line":16,"column":25}},"16":{"start":{"line":19,"column":29},"end":{"line":21,"column":3}},"17":{"start":{"line":20,"column":4},"end":{"line":20,"column":26}},"18":{"start":{"line":23,"column":30},"end":{"line":32,"column":4}},"19":{"start":{"line":24,"column":4},"end":{"line":24,"column":26}},"20":{"start":{"line":27,"column":6},"end":{"line":27,"column":40}},"21":{"start":{"line":28,"column":6},"end":{"line":28,"column":25}},"22":{"start":{"line":30,"column":6},"end":{"line":30,"column":48}},"23":{"start":{"line":34,"column":2},"end":{"line":47,"column":4}},"24":{"start":{"line":9,"column":13},"end":{"line":9,"column":31}}},"fnMap":{"0":{"name":"(anonymous_13)","decl":{"start":{"line":9,"column":31},"end":{"line":9,"column":null}},"loc":{"start":{"line":9,"column":31},"end":{"line":48,"column":1}}},"1":{"name":"(anonymous_14)","decl":{"start":{"line":15,"column":28},"end":{"line":15,"column":null}},"loc":{"start":{"line":15,"column":28},"end":{"line":17,"column":3}}},"2":{"name":"(anonymous_15)","decl":{"start":{"line":19,"column":29},"end":{"line":19,"column":null}},"loc":{"start":{"line":19,"column":29},"end":{"line":21,"column":3}}},"3":{"name":"(anonymous_16)","decl":{"start":{"line":23,"column":30},"end":{"line":23,"column":null}},"loc":{"start":{"line":23,"column":30},"end":{"line":32,"column":4}}}},"branchMap":{"0":{"loc":{"start":{"line":36,"column":7},"end":{"line":42,"column":null}},"type":"binary-expr","locations":[{"start":{"line":36,"column":7},"end":{"line":36,"column":18}},{"start":{"line":37,"column":8},"end":{"line":41,"column":null}}]}},"s":{"0":0,"1":0,"2":0,"3":0,"4":0,"5":0,"6":0,"7":0,"8":0,"9":0,"10":0,"11":0,"12":0,"13":0,"14":0,"15":0,"16":0,"17":0,"18":0,"19":0,"20":0,"21":0,"22":0,"23":0,"24":0},"f":{"0":0,"1":0,"2":0,"3":0},"b":{"0":[0,0]}}
,"/Users/gulzada/dev/stellar-burgers/src/components/protected-route/ProtectedRoute.tsx": {"path":"/Users/gulzada/dev/stellar-burgers/src/components/protected-route/ProtectedRoute.tsx","statementMap":{"0":{"start":{"line":1,"column":0},"end":{"line":1,"column":65}},"1":{"start":{"line":2,"column":0},"end":{"line":2,"column":51}},"2":{"start":{"line":3,"column":0},"end":{"line":3,"column":null}},"3":{"start":{"line":7,"column":0},"end":{"line":7,"column":32}},"4":{"start":{"line":13,"column":30},"end":{"line":39,"column":1}},"5":{"start":{"line":14,"column":2},"end":{"line":14,"column":12}},"6":{"start":{"line":14,"column":12},"end":{"line":14,"column":null}},"7":{"start":{"line":16,"column":24},"end":{"line":16,"column":58}},"8":{"start":{"line":17,"column":15},"end":{"line":17,"column":43}},"9":{"start":{"line":18,"column":19},"end":{"line":18,"column":32}},"10":{"start":{"line":19,"column":18},"end":{"line":19,"column":39}},"11":{"start":{"line":21,"column":2},"end":{"line":23,"column":3}},"12":{"start":{"line":22,"column":4},"end":{"line":22,"column":25}},"13":{"start":{"line":25,"column":2},"end":{"line":27,"column":3}},"14":{"start":{"line":26,"column":4},"end":{"line":26,"column":16}},"15":{"start":{"line":29,"column":2},"end":{"line":32,"column":3}},"16":{"start":{"line":30,"column":17},"end":{"line":30,"column":58}},"17":{"start":{"line":31,"column":4},"end":{"line":31,"column":42}},"18":{"start":{"line":34,"column":2},"end":{"line":36,"column":3}},"19":{"start":{"line":35,"column":4},"end":{"line":35,"column":71}},"20":{"start":{"line":38,"column":2},"end":{"line":38,"column":20}},"21":{"start":{"line":13,"column":13},"end":{"line":13,"column":30}}},"fnMap":{"0":{"name":"(anonymous_0)","decl":{"start":{"line":13,"column":30},"end":{"line":13,"column":31}},"loc":{"start":{"line":15,"column":23},"end":{"line":39,"column":1}}}},"branchMap":{"0":{"loc":{"start":{"line":14,"column":12},"end":{"line":14,"column":null}},"type":"cond-expr","locations":[{"start":{"line":14,"column":15},"end":{"line":14,"column":20}},{"start":{"line":14,"column":20},"end":{"line":14,"column":null}}]},"1":{"loc":{"start":{"line":19,"column":18},"end":{"line":19,"column":39}},"type":"cond-expr","locations":[{"start":{"line":19,"column":32},"end":{"line":19,"column":34}},{"start":{"line":19,"column":32},"end":{"line":19,"column":39}}]},"2":{"loc":{"start":{"line":19,"column":18},"end":{"line":19,"column":34}},"type":"binary-expr","locations":[{"start":{"line":19,"column":18},"end":{"line":19,"column":34}},{"start":{"line":19,"column":32},"end":{"line":19,"column":34}}]},"3":{"loc":{"start":{"line":21,"column":2},"end":{"line":23,"column":3}},"type":"if","locations":[{"start":{"line":21,"column":2},"end":{"line":23,"column":3}}]},"4":{"loc":{"start":{"line":21,"column":6},"end":{"line":21,"column":32}},"type":"binary-expr","locations":[{"start":{"line":21,"column":6},"end":{"line":21,"column":20}},{"start":{"line":21,"column":24},"end":{"line":21,"column":32}}]},"5":{"loc":{"start":{"line":25,"column":2},"end":{"line":27,"column":3}},"type":"if","locations":[{"start":{"line":25,"column":2},"end":{"line":27,"column":3}}]},"6":{"loc":{"start":{"line":25,"column":6},"end":{"line":25,"column":31}},"type":"binary-expr","locations":[{"start":{"line":25,"column":6},"end":{"line":25,"column":20}},{"start":{"line":25,"column":24},"end":{"line":25,"column":31}}]},"7":{"loc":{"start":{"line":29,"column":2},"end":{"line":32,"column":3}},"type":"if","locations":[{"start":{"line":29,"column":2},"end":{"line":32,"column":3}}]},"8":{"loc":{"start":{"line":29,"column":6},"end":{"line":29,"column":24}},"type":"binary-expr","locations":[{"start":{"line":29,"column":6},"end":{"line":29,"column":16}},{"start":{"line":29,"column":20},"end":{"line":29,"column":24}}]},"9":{"loc":{"start":{"line":30,"column":17},"end":{"line":30,"column":58}},"type":"binary-expr","locations":[{"start":{"line":30,"column":17},"end":{"line":30,"column":37}},{"start":{"line":30,"column":41},"end":{"line":30,"column":58}}]},"10":{"loc":{"start":{"line":30,"column":17},"end":{"line":30,"column":37}},"type":"cond-expr","locations":[{"start":{"line":30,"column":31},"end":{"line":30,"column":33}},{"start":{"line":30,"column":31},"end":{"line":30,"column":37}}]},"11":{"loc":{"start":{"line":30,"column":17},"end":{"line":30,"column":33}},"type":"binary-expr","locations":[{"start":{"line":30,"column":17},"end":{"line":30,"column":33}},{"start":{"line":30,"column":31},"end":{"line":30,"column":33}}]},"12":{"loc":{"start":{"line":34,"column":2},"end":{"line":36,"column":3}},"type":"if","locations":[{"start":{"line":34,"column":2},"end":{"line":36,"column":3}}]},"13":{"loc":{"start":{"line":34,"column":6},"end":{"line":34,"column":26}},"type":"binary-expr","locations":[{"start":{"line":34,"column":6},"end":{"line":34,"column":17}},{"start":{"line":34,"column":21},"end":{"line":34,"column":26}}]}},"s":{"0":0,"1":0,"2":0,"3":0,"4":0,"5":0,"6":0,"7":0,"8":0,"9":0,"10":0,"11":0,"12":0,"13":0,"14":0,"15":0,"16":0,"17":0,"18":0,"19":0,"20":0,"21":0},"f":{"0":0},"b":{"0":[0,0],"1":[0,0],"2":[0,0],"3":[0],"4":[0,0],"5":[0],"6":[0,0],"7":[0],"8":[0,0],"9":[0,0],"10":[0,0],"11":[0,0],"12":[0],"13":[0,0]}}
,"/Users/gulzada/dev/stellar-burgers/src/components/ui/index.ts": {"path":"/Users/gulzada/dev/stellar-burgers/src/components/ui/index.ts","statementMap":{"0":{"start":{"line":1,"column":0},"end":{"line":1,"column":29}},"1":{"start":{"line":2,"column":0},"end":{"line":2,"column":37}},"2":{"start":{"line":3,"column":0},"end":{"line":3,"column":45}},"3":{"start":{"line":4,"column":0},"end":{"line":4,"column":36}},"4":{"start":{"line":5,"column":0},"end":{"line":5,"column":37}},"5":{"start":{"line":6,"column":0},"end":{"line":6,"column":28}},"6":{"start":{"line":7,"column":0},"end":{"line":7,"column":37}},"7":{"start":{"line":8,"column":0},"end":{"line":8,"column":39}},"8":{"start":{"line":9,"column":0},"end":{"line":9,"column":24}},"9":{"start":{"line":10,"column":0},"end":{"line":10,"column":32}},"10":{"start":{"line":11,"column":0},"end":{"line":11,"column":29}},"11":{"start":{"line":12,"column":0},"end":{"line":12,"column":32}},"12":{"start":{"line":13,"column":0},"end":{"line":13,"column":29}},"13":{"start":{"line":14,"column":0},"end":{"line":14,"column":31}},"14":{"start":{"line":15,"column":0},"end":{"line":15,"column":30}},"15":{"start":{"line":16,"column":0},"end":{"line":16,"column":28}},"16":{"start":{"line":17,"column":0},"end":{"line":17,"column":31}}},"fnMap":{},"branchMap":{},"s":{"0":0,"1":0,"2":0,"3":0,"4":0,"5":0,"6":0,"7":0,"8":0,"9":0,"10":0,"11":0,"12":0,"13":0,"14":0,"15":0,"16":0},"f":{},"b":{}}
,"/Users/gulzada/dev/stellar-burgers/src/components/ui/app-header/app-header.tsx": {"path":"/Users/gulzada/dev/stellar-burgers/src/components/ui/app-header/app-header.tsx","statementMap":{"0":{"start":{"line":2,"column":0},"end":{"line":2,"column":45}},"1":{"start":{"line":4,"column":0},"end":{"line":4,"column":null}},"2":{"start":{"line":10,"column":0},"end":{"line":10,"column":43}},"3":{"start":{"line":12,"column":50},"end":{"line":12,"column":null}},"4":{"start":{"line":12,"column":61},"end":{"line":12,"column":63}},"5":{"start":{"line":12,"column":68},"end":{"line":58,"column":2}},"6":{"start":{"line":18,"column":32},"end":{"line":18,"column":34}},"7":{"start":{"line":19,"column":12},"end":{"line":19,"column":null}},"8":{"start":{"line":28,"column":32},"end":{"line":28,"column":34}},"9":{"start":{"line":29,"column":12},"end":{"line":29,"column":null}},"10":{"start":{"line":46,"column":32},"end":{"line":46,"column":34}},"11":{"start":{"line":47,"column":12},"end":{"line":47,"column":null}},"12":{"start":{"line":12,"column":13},"end":{"line":12,"column":50}}},"fnMap":{"0":{"name":"(anonymous_1)","decl":{"start":{"line":12,"column":50},"end":{"line":12,"column":51}},"loc":{"start":{"line":12,"column":63},"end":{"line":12,"column":null}}},"1":{"name":"(anonymous_2)","decl":{"start":{"line":18,"column":21},"end":{"line":18,"column":22}},"loc":{"start":{"line":18,"column":34},"end":{"line":19,"column":15}}},"2":{"name":"(anonymous_3)","decl":{"start":{"line":28,"column":21},"end":{"line":28,"column":22}},"loc":{"start":{"line":28,"column":34},"end":{"line":29,"column":15}}},"3":{"name":"(anonymous_4)","decl":{"start":{"line":46,"column":21},"end":{"line":46,"column":22}},"loc":{"start":{"line":46,"column":34},"end":{"line":47,"column":15}}}},"branchMap":{"0":{"loc":{"start":{"line":19,"column":30},"end":{"line":19,"column":64}},"type":"cond-expr","locations":[{"start":{"line":19,"column":41},"end":{"line":19,"column":59}},{"start":{"line":19,"column":62},"end":{"line":19,"column":64}}]},"1":{"loc":{"start":{"line":29,"column":30},"end":{"line":29,"column":64}},"type":"cond-expr","locations":[{"start":{"line":29,"column":41},"end":{"line":29,"column":59}},{"start":{"line":29,"column":62},"end":{"line":29,"column":64}}]},"2":{"loc":{"start":{"line":47,"column":30},"end":{"line":47,"column":64}},"type":"cond-expr","locations":[{"start":{"line":47,"column":41},"end":{"line":47,"column":59}},{"start":{"line":47,"column":62},"end":{"line":47,"column":64}}]},"3":{"loc":{"start":{"line":52,"column":13},"end":{"line":52,"column":41}},"type":"binary-expr","locations":[{"start":{"line":52,"column":13},"end":{"line":52,"column":21}},{"start":{"line":52,"column":25},"end":{"line":52,"column":41}}]}},"s":{"0":0,"1":0,"2":0,"3":0,"4":0,"5":0,"6":0,"7":0,"8":0,"9":0,"10":0,"11":0,"12":0},"f":{"0":0,"1":0,"2":0,"3":0},"b":{"0":[0,0],"1":[0,0],"2":[0,0],"3":[0,0]}}
,"/Users/gulzada/dev/stellar-burgers/src/components/ui/app-header/index.ts": {"path":"/Users/gulzada/dev/stellar-burgers/src/components/ui/app-header/index.ts","statementMap":{"0":{"start":{"line":1,"column":0},"end":{"line":1,"column":9}},"1":{"start":{"line":1,"column":9},"end":{"line":1,"column":43}}},"fnMap":{"0":{"name":"(anonymous_0)","decl":{"start":{"line":1,"column":9},"end":{"line":1,"column":20}},"loc":{"start":{"line":1,"column":9},"end":{"line":1,"column":43}}}},"branchMap":{},"s":{"0":0,"1":0},"f":{"0":0},"b":{}}
,"/Users/gulzada/dev/stellar-burgers/src/components/ui/burger-constructor/burger-constructor.tsx": {"path":"/Users/gulzada/dev/stellar-burgers/src/components/ui/burger-constructor/burger-constructor.tsx","statementMap":{"0":{"start":{"line":2,"column":0},"end":{"line":2,"column":null}},"1":{"start":{"line":8,"column":0},"end":{"line":8,"column":53}},"2":{"start":{"line":11,"column":0},"end":{"line":11,"column":62}},"3":{"start":{"line":12,"column":0},"end":{"line":12,"column":48}},"4":{"start":{"line":14,"column":65},"end":{"line":122,"column":1}},"5":{"start":{"line":15,"column":18},"end":{"line":15,"column":null}},"6":{"start":{"line":16,"column":14},"end":{"line":16,"column":null}},"7":{"start":{"line":17,"column":7},"end":{"line":17,"column":null}},"8":{"start":{"line":18,"column":16},"end":{"line":18,"column":null}},"9":{"start":{"line":19,"column":14},"end":{"line":19,"column":null}},"10":{"start":{"line":20,"column":17},"end":{"line":20,"column":null}},"11":{"start":{"line":23,"column":4},"end":{"line":23,"column":39}},"12":{"start":{"line":25,"column":14},"end":{"line":25,"column":43}},"13":{"start":{"line":27,"column":2},"end":{"line":121,"column":4}},"14":{"start":{"line":51,"column":43},"end":{"line":58,"column":12}},"15":{"start":{"line":14,"column":13},"end":{"line":14,"column":65}}},"fnMap":{"0":{"name":"(anonymous_1)","decl":{"start":{"line":14,"column":65},"end":{"line":14,"column":66}},"loc":{"start":{"line":21,"column":1},"end":{"line":122,"column":1}}},"1":{"name":"(anonymous_2)","decl":{"start":{"line":51,"column":26},"end":{"line":51,"column":27}},"loc":{"start":{"line":51,"column":38},"end":{"line":51,"column":null}}}},"branchMap":{"0":{"loc":{"start":{"line":23,"column":4},"end":{"line":23,"column":39}},"type":"cond-expr","locations":[{"start":{"line":23,"column":33},"end":{"line":23,"column":37}},{"start":{"line":23,"column":37},"end":{"line":23,"column":39}}]},"1":{"loc":{"start":{"line":23,"column":4},"end":{"line":23,"column":37}},"type":"binary-expr","locations":[{"start":{"line":23,"column":4},"end":{"line":23,"column":37}},{"start":{"line":23,"column":33},"end":{"line":23,"column":37}}]},"2":{"loc":{"start":{"line":23,"column":4},"end":{"line":23,"column":33}},"type":"cond-expr","locations":[{"start":{"line":23,"column":20},"end":{"line":23,"column":22}},{"start":{"line":23,"column":4},"end":{"line":23,"column":33}}]},"3":{"loc":{"start":{"line":23,"column":4},"end":{"line":23,"column":22}},"type":"binary-expr","locations":[{"start":{"line":23,"column":4},"end":{"line":23,"column":22}},{"start":{"line":23,"column":4},"end":{"line":23,"column":22}}]},"4":{"loc":{"start":{"line":25,"column":14},"end":{"line":25,"column":43}},"type":"cond-expr","locations":[{"start":{"line":25,"column":35},"end":{"line":25,"column":39}},{"start":{"line":25,"column":39},"end":{"line":25,"column":43}}]},"5":{"loc":{"start":{"line":25,"column":14},"end":{"line":25,"column":39}},"type":"binary-expr","locations":[{"start":{"line":25,"column":14},"end":{"line":25,"column":39}},{"start":{"line":25,"column":35},"end":{"line":25,"column":39}}]},"6":{"loc":{"start":{"line":25,"column":14},"end":{"line":25,"column":35}},"type":"cond-expr","locations":[{"start":{"line":25,"column":30},"end":{"line":25,"column":32}},{"start":{"line":25,"column":14},"end":{"line":25,"column":35}}]},"7":{"loc":{"start":{"line":25,"column":14},"end":{"line":25,"column":32}},"type":"binary-expr","locations":[{"start":{"line":25,"column":14},"end":{"line":25,"column":32}},{"start":{"line":25,"column":14},"end":{"line":25,"column":32}}]},"8":{"loc":{"start":{"line":30,"column":7},"end":{"line":45,"column":null}},"type":"cond-expr","locations":[{"start":{"line":31,"column":8},"end":{"line":38,"column":null}},{"start":{"line":41,"column":8},"end":{"line":42,"column":null}}]},"9":{"loc":{"start":{"line":50,"column":9},"end":{"line":64,"column":null}},"type":"cond-expr","locations":[{"start":{"line":51,"column":10},"end":{"line":58,"column":12}},{"start":{"line":60,"column":10},"end":{"line":61,"column":null}}]},"10":{"loc":{"start":{"line":69,"column":7},"end":{"line":84,"column":null}},"type":"cond-expr","locations":[{"start":{"line":70,"column":8},"end":{"line":77,"column":null}},{"start":{"line":80,"column":8},"end":{"line":81,"column":null}}]},"11":{"loc":{"start":{"line":105,"column":7},"end":{"line":108,"column":null}},"type":"binary-expr","locations":[{"start":{"line":105,"column":7},"end":{"line":105,"column":19}},{"start":{"line":106,"column":8},"end":{"line":107,"column":null}}]},"12":{"loc":{"start":{"line":112,"column":7},"end":{"line":118,"column":null}},"type":"binary-expr","locations":[{"start":{"line":112,"column":7},"end":{"line":112,"column":21}},{"start":{"line":113,"column":8},"end":{"line":117,"column":null}}]},"13":{"loc":{"start":{"line":115,"column":17},"end":{"line":115,"column":57}},"type":"cond-expr","locations":[{"start":{"line":115,"column":32},"end":{"line":115,"column":52}},{"start":{"line":115,"column":55},"end":{"line":115,"column":57}}]}},"s":{"0":0,"1":0,"2":0,"3":0,"4":0,"5":0,"6":0,"7":0,"8":0,"9":0,"10":0,"11":0,"12":0,"13":0,"14":0,"15":0},"f":{"0":0,"1":0},"b":{"0":[0,0],"1":[0,0],"2":[0,0],"3":[0,0],"4":[0,0],"5":[0,0],"6":[0,0],"7":[0,0],"8":[0,0],"9":[0,0],"10":[0,0],"11":[0,0],"12":[0,0],"13":[0,0]}}
,"/Users/gulzada/dev/stellar-burgers/src/components/ui/burger-constructor/index.ts": {"path":"/Users/gulzada/dev/stellar-burgers/src/components/ui/burger-constructor/index.ts","statementMap":{"0":{"start":{"line":1,"column":0},"end":{"line":1,"column":9}},"1":{"start":{"line":1,"column":9},"end":{"line":1,"column":59}}},"fnMap":{"0":{"name":"(anonymous_0)","decl":{"start":{"line":1,"column":9},"end":{"line":1,"column":28}},"loc":{"start":{"line":1,"column":9},"end":{"line":1,"column":59}}}},"branchMap":{},"s":{"0":0,"1":0},"f":{"0":0},"b":{}}
,"/Users/gulzada/dev/stellar-burgers/src/components/ui/burger-constructor-element/burger-constructor-element.tsx": {"path":"/Users/gulzada/dev/stellar-burgers/src/components/ui/burger-constructor-element/burger-constructor-element.tsx","statementMap":{"0":{"start":{"line":1,"column":0},"end":{"line":1,"column":40}},"1":{"start":{"line":2,"column":0},"end":{"line":2,"column":61}},"2":{"start":{"line":3,"column":0},"end":{"line":3,"column":81}},"3":{"start":{"line":5,"column":0},"end":{"line":5,"column":73}},"4":{"start":{"line":7,"column":13},"end":{"line":34,"column":4}},"5":{"start":{"line":10,"column":16},"end":{"line":10,"column":null}},"6":{"start":{"line":11,"column":11},"end":{"line":11,"column":null}},"7":{"start":{"line":12,"column":16},"end":{"line":12,"column":null}},"8":{"start":{"line":13,"column":18},"end":{"line":13,"column":null}},"9":{"start":{"line":14,"column":20},"end":{"line":14,"column":null}},"10":{"start":{"line":15,"column":17},"end":{"line":15,"column":null}},"11":{"start":{"line":16,"column":10},"end":{"line":33,"column":null}}},"fnMap":{"0":{"name":"(anonymous_1)","decl":{"start":{"line":9,"column":4},"end":{"line":9,"column":5}},"loc":{"start":{"line":16,"column":5},"end":{"line":16,"column":null}}}},"branchMap":{},"s":{"0":0,"1":0,"2":0,"3":0,"4":0,"5":0,"6":0,"7":0,"8":0,"9":0,"10":0,"11":0},"f":{"0":0},"b":{}}
,"/Users/gulzada/dev/stellar-burgers/src/components/ui/burger-constructor-element/index.ts": {"path":"/Users/gulzada/dev/stellar-burgers/src/components/ui/burger-constructor-element/index.ts","statementMap":{"0":{"start":{"line":1,"column":0},"end":{"line":1,"column":9}},"1":{"start":{"line":1,"column":9},"end":{"line":1,"column":74}}},"fnMap":{"0":{"name":"(anonymous_0)","decl":{"start":{"line":1,"column":9},"end":{"line":1,"column":35}},"loc":{"start":{"line":1,"column":9},"end":{"line":1,"column":74}}}},"branchMap":{},"s":{"0":0,"1":0},"f":{"0":0},"b":{}}
[...]
t":{"line":157,"column":25},"end":{"line":157,"column":37}},"66":{"start":{"line":158,"column":6},"end":{"line":158,"column":34}},"67":{"start":{"line":147,"column":13},"end":{"line":147,"column":31}},"68":{"start":{"line":166,"column":28},"end":{"line":167,"column":7}},"69":{"start":{"line":167,"column":2},"end":{"line":178,"column":7}},"70":{"start":{"line":174,"column":19},"end":{"line":174,"column":53}},"71":{"start":{"line":176,"column":6},"end":{"line":176,"column":37}},"72":{"start":{"line":176,"column":25},"end":{"line":176,"column":37}},"73":{"start":{"line":177,"column":6},"end":{"line":177,"column":34}},"74":{"start":{"line":166,"column":13},"end":{"line":166,"column":28}},"75":{"start":{"line":180,"column":33},"end":{"line":181,"column":7}},"76":{"start":{"line":181,"column":2},"end":{"line":192,"column":7}},"77":{"start":{"line":188,"column":19},"end":{"line":188,"column":59}},"78":{"start":{"line":190,"column":6},"end":{"line":190,"column":37}},"79":{"start":{"line":190,"column":25},"end":{"line":190,"column":37}},"80":{"start":{"line":191,"column":6},"end":{"line":191,"column":34}},"81":{"start":{"line":180,"column":13},"end":{"line":180,"column":33}},"82":{"start":{"line":194,"column":32},"end":{"line":195,"column":7}},"83":{"start":{"line":195,"column":2},"end":{"line":206,"column":7}},"84":{"start":{"line":202,"column":19},"end":{"line":202,"column":59}},"85":{"start":{"line":204,"column":6},"end":{"line":204,"column":37}},"86":{"start":{"line":204,"column":25},"end":{"line":204,"column":37}},"87":{"start":{"line":205,"column":6},"end":{"line":205,"column":34}},"88":{"start":{"line":194,"column":13},"end":{"line":194,"column":32}},"89":{"start":{"line":210,"column":26},"end":{"line":211,"column":18}},"90":{"start":{"line":211,"column":2},"end":{"line":215,"column":5}},"91":{"start":{"line":210,"column":13},"end":{"line":210,"column":26}},"92":{"start":{"line":217,"column":29},"end":{"line":218,"column":18}},"93":{"start":{"line":218,"column":2},"end":{"line":225,"column":5}},"94":{"start":{"line":217,"column":13},"end":{"line":217,"column":29}},"95":{"start":{"line":227,"column":25},"end":{"line":228,"column":7}},"96":{"start":{"line":228,"column":2},"end":{"line":236,"column":60}},"97":{"start":{"line":236,"column":19},"end":{"line":236,"column":59}},"98":{"start":{"line":227,"column":13},"end":{"line":227,"column":25}}},"fnMap":{"0":{"name":"(anonymous_13)","decl":{"start":{"line":7,"column":22},"end":{"line":7,"column":26}},"loc":{"start":{"line":7,"column":39},"end":{"line":8,"column":5}}},"1":{"name":"(anonymous_14)","decl":{"start":{"line":8,"column":40},"end":{"line":8,"column":41}},"loc":{"start":{"line":8,"column":44},"end":{"line":8,"column":56}}},"2":{"name":"(anonymous_15)","decl":{"start":{"line":19,"column":28},"end":{"line":19,"column":null}},"loc":{"start":{"line":19,"column":28},"end":{"line":20,"column":7}}},"3":{"name":"(anonymous_16)","decl":{"start":{"line":29,"column":10},"end":{"line":29,"column":11}},"loc":{"start":{"line":29,"column":14},"end":{"line":29,"column":32}}},"4":{"name":"(anonymous_17)","decl":{"start":{"line":30,"column":10},"end":{"line":30,"column":11}},"loc":{"start":{"line":30,"column":22},"end":{"line":37,"column":5}}},"5":{"name":"(anonymous_18)","decl":{"start":{"line":39,"column":32},"end":{"line":39,"column":null}},"loc":{"start":{"line":41,"column":22},"end":{"line":59,"column":2}}},"6":{"name":"(anonymous_19)","decl":{"start":{"line":41,"column":22},"end":{"line":41,"column":null}},"loc":{"start":{"line":41,"column":22},"end":{"line":59,"column":2}}},"7":{"name":"(anonymous_21)","decl":{"start":{"line":75,"column":33},"end":{"line":75,"column":null}},"loc":{"start":{"line":75,"column":33},"end":{"line":76,"column":7}}},"8":{"name":"(anonymous_22)","decl":{"start":{"line":77,"column":10},"end":{"line":77,"column":11}},"loc":{"start":{"line":77,"column":14},"end":{"line":77,"column":32}}},"9":{"name":"(anonymous_23)","decl":{"start":{"line":78,"column":10},"end":{"line":78,"column":11}},"loc":{"start":{"line":78,"column":15},"end":{"line":81,"column":5}}},"10":{"name":"(anonymous_24)","decl":{"start":{"line":83,"column":27},"end":{"line":83,"column":null}},"loc":{"start":{"line":83,"column":27},"end":{"line":84,"column":7}}},"11":{"name":"(anonymous_25)","decl":{"start":{"line":85,"column":10},"end":{"line":85,"column":11}},"loc":{"start":{"line":85,"column":14},"end":{"line":85,"column":32}}},"12":{"name":"(anonymous_26)","decl":{"start":{"line":86,"column":10},"end":{"line":86,"column":11}},"loc":{"start":{"line":86,"column":15},"end":{"line":89,"column":5}}},"13":{"name":"(anonymous_27)","decl":{"start":{"line":91,"column":28},"end":{"line":91,"column":null}},"loc":{"start":{"line":91,"column":28},"end":{"line":92,"column":18}}},"14":{"name":"(anonymous_28)","decl":{"start":{"line":98,"column":10},"end":{"line":98,"column":11}},"loc":{"start":{"line":98,"column":15},"end":{"line":101,"column":3}}},"15":{"name":"(anonymous_29)","decl":{"start":{"line":108,"column":30},"end":{"line":108,"column":31}},"loc":{"start":{"line":108,"column":45},"end":{"line":109,"column":18}}},"16":{"name":"(anonymous_30)","decl":{"start":{"line":118,"column":10},"end":{"line":118,"column":11}},"loc":{"start":{"line":118,"column":15},"end":{"line":121,"column":3}}},"17":{"name":"(anonymous_31)","decl":{"start":{"line":127,"column":35},"end":{"line":127,"column":36}},"loc":{"start":{"line":127,"column":50},"end":{"line":128,"column":7}}},"18":{"name":"(anonymous_32)","decl":{"start":{"line":133,"column":10},"end":{"line":133,"column":11}},"loc":{"start":{"line":133,"column":14},"end":{"line":133,"column":32}}},"19":{"name":"(anonymous_33)","decl":{"start":{"line":147,"column":31},"end":{"line":147,"column":32}},"loc":{"start":{"line":147,"column":51},"end":{"line":148,"column":7}}},"20":{"name":"(anonymous_34)","decl":{"start":{"line":155,"column":10},"end":{"line":155,"column":11}},"loc":{"start":{"line":155,"column":14},"end":{"line":155,"column":32}}},"21":{"name":"(anonymous_35)","decl":{"start":{"line":156,"column":10},"end":{"line":156,"column":11}},"loc":{"start":{"line":156,"column":15},"end":{"line":159,"column":5}}},"22":{"name":"(anonymous_36)","decl":{"start":{"line":166,"column":28},"end":{"line":166,"column":29}},"loc":{"start":{"line":166,"column":45},"end":{"line":167,"column":7}}},"23":{"name":"(anonymous_37)","decl":{"start":{"line":174,"column":10},"end":{"line":174,"column":11}},"loc":{"start":{"line":174,"column":14},"end":{"line":174,"column":32}}},"24":{"name":"(anonymous_38)","decl":{"start":{"line":175,"column":10},"end":{"line":175,"column":11}},"loc":{"start":{"line":175,"column":15},"end":{"line":178,"column":5}}},"25":{"name":"(anonymous_39)","decl":{"start":{"line":180,"column":33},"end":{"line":180,"column":34}},"loc":{"start":{"line":180,"column":57},"end":{"line":181,"column":7}}},"26":{"name":"(anonymous_40)","decl":{"start":{"line":188,"column":10},"end":{"line":188,"column":11}},"loc":{"start":{"line":188,"column":14},"end":{"line":188,"column":32}}},"27":{"name":"(anonymous_41)","decl":{"start":{"line":189,"column":10},"end":{"line":189,"column":11}},"loc":{"start":{"line":189,"column":15},"end":{"line":192,"column":5}}},"28":{"name":"(anonymous_42)","decl":{"start":{"line":194,"column":32},"end":{"line":194,"column":33}},"loc":{"start":{"line":194,"column":74},"end":{"line":195,"column":7}}},"29":{"name":"(anonymous_43)","decl":{"start":{"line":202,"column":10},"end":{"line":202,"column":11}},"loc":{"start":{"line":202,"column":14},"end":{"line":202,"column":32}}},"30":{"name":"(anonymous_44)","decl":{"start":{"line":203,"column":10},"end":{"line":203,"column":11}},"loc":{"start":{"line":203,"column":15},"end":{"line":206,"column":5}}},"31":{"name":"(anonymous_45)","decl":{"start":{"line":210,"column":26},"end":{"line":210,"column":null}},"loc":{"start":{"line":210,"column":26},"end":{"line":211,"column":18}}},"32":{"name":"(anonymous_46)","decl":{"start":{"line":217,"column":29},"end":{"line":217,"column":30}},"loc":{"start":{"line":217,"column":58},"end":{"line":218,"column":18}}},"33":{"name":"(anonymous_47)","decl":{"start":{"line":227,"column":25},"end":{"line":227,"column":null}},"loc":{"start":{"line":227,"column":25},"end":{"line":228,"column":7}}},"34":{"name":"(anonymous_48)","decl":{"start":{"line":236,"column":10},"end":{"line":236,"column":11}},"loc":{"start":{"line":236,"column":14},"end":{"line":236,"column":32}}}},"branchMap":{"0":{"loc":{"start":{"line":5,"column":2},"end":{"line":5,"column":73}},"type":"binary-expr","locations":[{"start":{"line":5,"column":2},"end":{"line":5,"column":28}},{"start":{"line":5,"column":32},"end":{"line":5,"column":73}}]},"1":{"loc":{"start":{"line":8,"column":2},"end":{"line":8,"column":69}},"type":"cond-expr","locations":[{"start":{"line":8,"column":11},"end":{"line":8,"column":21}},{"start":{"line":8,"column":24},"end":{"line":8,"column":69}}]},"2":{"loc":{"start":{"line":31,"column":6},"end":{"line":33,"column":7}},"type":"if","locations":[{"start":{"line":31,"column":6},"end":{"line":33,"column":7}}]},"3":{"loc":{"start":{"line":45,"column":4},"end":{"line":45,"column":39}},"type":"switch","locations":[{"start":{"line":45,"column":4},"end":{"line":45,"column":39}},{"start":{"line":54,"column":6},"end":{"line":54,"column":41}},{"start":{"line":56,"column":6},"end":{"line":56,"column":33}}]},"4":{"loc":{"start":{"line":47,"column":8},"end":{"line":47,"column":9}},"type":"if","locations":[{"start":{"line":47,"column":8},"end":{"line":47,"column":9}}]},"5":{"loc":{"start":{"line":49,"column":6},"end":{"line":52,"column":7}},"type":"if","locations":[{"start":{"line":49,"column":6},"end":{"line":52,"column":7}}]},"6":{"loc":{"start":{"line":79,"column":6},"end":{"line":79,"column":42}},"type":"if","locations":[{"start":{"line":79,"column":6},"end":{"line":79,"column":42}}]},"7":{"loc":{"start":{"line":79,"column":10},"end":{"line":79,"column":23}},"type":"cond-expr","locations":[{"start":{"line":79,"column":14},"end":{"line":79,"column":16}},{"start":{"line":79,"column":10},"end":{"line":79,"column":23}}]},"8":{"loc":{"start":{"line":79,"column":10},"end":{"line":79,"column":16}},"type":"binary-expr","locations":[{"start":{"line":79,"column":10},"end":{"line":79,"column":16}},{"start":{"line":79,"column":10},"end":{"line":79,"column":16}}]},"9":{"loc":{"start":{"line":87,"column":6},"end":{"line":87,"column":37}},"type":"if","locations":[{"start":{"line":87,"column":6},"end":{"line":87,"column":37}}]},"10":{"loc":{"start":{"line":87,"column":10},"end":{"line":87,"column":23}},"type":"cond-expr","locations":[{"start":{"line":87,"column":14},"end":{"line":87,"column":16}},{"start":{"line":87,"column":10},"end":{"line":87,"column":23}}]},"11":{"loc":{"start":{"line":87,"column":10},"end":{"line":87,"column":16}},"type":"binary-expr","locations":[{"start":{"line":87,"column":10},"end":{"line":87,"column":16}},{"start":{"line":87,"column":10},"end":{"line":87,"column":16}}]},"12":{"loc":{"start":{"line":99,"column":4},"end":{"line":99,"column":42}},"type":"if","locations":[{"start":{"line":99,"column":4},"end":{"line":99,"column":42}}]},"13":{"loc":{"start":{"line":99,"column":8},"end":{"line":99,"column":21}},"type":"cond-expr","locations":[{"start":{"line":99,"column":12},"end":{"line":99,"column":14}},{"start":{"line":99,"column":8},"end":{"line":99,"column":21}}]},"14":{"loc":{"start":{"line":99,"column":8},"end":{"line":99,"column":14}},"type":"binary-expr","locations":[{"start":{"line":99,"column":8},"end":{"line":99,"column":14}},{"start":{"line":99,"column":8},"end":{"line":99,"column":14}}]},"15":{"loc":{"start":{"line":119,"column":4},"end":{"line":119,"column":35}},"type":"if","locations":[{"start":{"line":119,"column":4},"end":{"line":119,"column":35}}]},"16":{"loc":{"start":{"line":119,"column":8},"end":{"line":119,"column":21}},"type":"cond-expr","locations":[{"start":{"line":119,"column":12},"end":{"line":119,"column":14}},{"start":{"line":119,"column":8},"end":{"line":119,"column":21}}]},"17":{"loc":{"start":{"line":119,"column":8},"end":{"line":119,"column":14}},"type":"binary-expr","locations":[{"start":{"line":119,"column":8},"end":{"line":119,"column":14}},{"start":{"line":119,"column":8},"end":{"line":119,"column":14}}]},"18":{"loc":{"start":{"line":157,"column":6},"end":{"line":157,"column":37}},"type":"if","locations":[{"start":{"line":157,"column":6},"end":{"line":157,"column":37}}]},"19":{"loc":{"start":{"line":157,"column":10},"end":{"line":157,"column":23}},"type":"cond-expr","locations":[{"start":{"line":157,"column":14},"end":{"line":157,"column":16}},{"start":{"line":157,"column":10},"end":{"line":157,"column":23}}]},"20":{"loc":{"start":{"line":157,"column":10},"end":{"line":157,"column":16}},"type":"binary-expr","locations":[{"start":{"line":157,"column":10},"end":{"line":157,"column":16}},{"start":{"line":157,"column":10},"end":{"line":157,"column":16}}]},"21":{"loc":{"start":{"line":176,"column":6},"end":{"line":176,"column":37}},"type":"if","locations":[{"start":{"line":176,"column":6},"end":{"line":176,"column":37}}]},"22":{"loc":{"start":{"line":176,"column":10},"end":{"line":176,"column":23}},"type":"cond-expr","locations":[{"start":{"line":176,"column":14},"end":{"line":176,"column":16}},{"start":{"line":176,"column":10},"end":{"line":176,"column":23}}]},"23":{"loc":{"start":{"line":176,"column":10},"end":{"line":176,"column":16}},"type":"binary-expr","locations":[{"start":{"line":176,"column":10},"end":{"line":176,"column":16}},{"start":{"line":176,"column":10},"end":{"line":176,"column":16}}]},"24":{"loc":{"start":{"line":190,"column":6},"end":{"line":190,"column":37}},"type":"if","locations":[{"start":{"line":190,"column":6},"end":{"line":190,"column":37}}]},"25":{"loc":{"start":{"line":190,"column":10},"end":{"line":190,"column":23}},"type":"cond-expr","locations":[{"start":{"line":190,"column":14},"end":{"line":190,"column":16}},{"start":{"line":190,"column":10},"end":{"line":190,"column":23}}]},"26":{"loc":{"start":{"line":190,"column":10},"end":{"line":190,"column":16}},"type":"binary-expr","locations":[{"start":{"line":190,"column":10},"end":{"line":190,"column":16}},{"start":{"line":190,"column":10},"end":{"line":190,"column":16}}]},"27":{"loc":{"start":{"line":204,"column":6},"end":{"line":204,"column":37}},"type":"if","locations":[{"start":{"line":204,"column":6},"end":{"line":204,"column":37}}]},"28":{"loc":{"start":{"line":204,"column":10},"end":{"line":204,"column":23}},"type":"cond-expr","locations":[{"start":{"line":204,"column":14},"end":{"line":204,"column":16}},{"start":{"line":204,"column":10},"end":{"line":204,"column":23}}]},"29":{"loc":{"start":{"line":204,"column":10},"end":{"line":204,"column":16}},"type":"binary-expr","locations":[{"start":{"line":204,"column":10},"end":{"line":204,"column":16}},{"start":{"line":204,"column":10},"end":{"line":204,"column":16}}]}},"s":{"0":1,"1":1,"2":1,"3":0,"4":0,"5":1,"6":0,"7":0,"8":0,"9":0,"10":0,"11":0,"12":0,"13":1,"14":1,"15":0,"16":0,"17":0,"18":0,"19":0,"20":0,"21":0,"22":0,"23":0,"24":0,"25":0,"26":0,"27":0,"28":0,"29":0,"30":1,"31":1,"32":0,"33":0,"34":0,"35":0,"36":0,"37":1,"38":1,"39":0,"40":0,"41":0,"42":0,"43":0,"44":1,"45":1,"46":0,"47":0,"48":0,"49":0,"50":1,"51":1,"52":0,"53":0,"54":0,"55":0,"56":1,"57":1,"58":0,"59":0,"60":1,"61":1,"62":0,"63":0,"64":0,"65":0,"66":0,"67":1,"68":1,"69":0,"70":0,"71":0,"72":0,"73":0,"74":1,"75":1,"76":0,"77":0,"78":0,"79":0,"80":0,"81":1,"82":1,"83":0,"84":0,"85":0,"86":0,"87":0,"88":1,"89":1,"90":0,"91":1,"92":1,"93":0,"94":1,"95":1,"96":0,"97":0,"98":1},"f":{"0":0,"1":0,"2":0,"3":0,"4":0,"5":0,"6":0,"7":0,"8":0,"9":0,"10":0,"11":0,"12":0,"13":0,"14":0,"15":0,"16":0,"17":0,"18":0,"19":0,"20":0,"21":0,"22":0,"23":0,"24":0,"25":0,"26":0,"27":0,"28":0,"29":0,"30":0,"31":0,"32":0,"33":0,"34":0},"b":{"0":[1,1],"1":[0,0],"2":[0],"3":[0,0,0],"4":[0],"5":[0],"6":[0],"7":[0,0],"8":[0,0],"9":[0],"10":[0,0],"11":[0,0],"12":[0],"13":[0,0],"14":[0,0],"15":[0],"16":[0,0],"17":[0,0],"18":[0],"19":[0,0],"20":[0,0],"21":[0],"22":[0,0],"23":[0,0],"24":[0],"25":[0,0],"26":[0,0],"27":[0],"28":[0,0],"29":[0,0]}}
,"/Users/gulzada/dev/stellar-burgers/src/utils/cookie.ts": {"path":"/Users/gulzada/dev/stellar-burgers/src/utils/cookie.ts","statementMap":{"0":{"start":{"line":2,"column":18},"end":{"line":8,"column":null}},"1":{"start":{"line":10,"column":2},"end":{"line":10,"column":62}},"2":{"start":{"line":1,"column":0},"end":{"line":1,"column":16}},"3":{"start":{"line":16,"column":2},"end":{"line":16,"column":null}},"4":{"start":{"line":18,"column":2},"end":{"line":21,"column":4}},"5":{"start":{"line":23,"column":12},"end":{"line":23,"column":25}},"6":{"start":{"line":24,"column":2},"end":{"line":28,"column":3}},"7":{"start":{"line":25,"column":14},"end":{"line":25,"column":24}},"8":{"start":{"line":26,"column":4},"end":{"line":26,"column":40}},"9":{"start":{"line":27,"column":4},"end":{"line":27,"column":28}},"10":{"start":{"line":30,"column":2},"end":{"line":32,"column":3}},"11":{"start":{"line":31,"column":4},"end":{"line":31,"column":38}},"12":{"start":{"line":33,"column":2},"end":{"line":33,"column":36}},"13":{"start":{"line":34,"column":22},"end":{"line":34,"column":40}},"14":{"start":{"line":35,"column":2},"end":{"line":41,"column":3}},"15":{"start":{"line":36,"column":4},"end":{"line":36,"column":37}},"16":{"start":{"line":37,"column":22},"end":{"line":37,"column":37}},"17":{"start":{"line":38,"column":4},"end":{"line":40,"column":5}},"18":{"start":{"line":39,"column":6},"end":{"line":39,"column":39}},"19":{"start":{"line":42,"column":2},"end":{"line":42,"column":34}},"20":{"start":{"line":13,"column":0},"end":{"line":13,"column":16}},"21":{"start":{"line":46,"column":2},"end":{"line":46,"column":39}},"22":{"start":{"line":45,"column":0},"end":{"line":45,"column":16}}},"fnMap":{"0":{"name":"getCookie","decl":{"start":{"line":1,"column":16},"end":{"line":1,"column":25}},"loc":{"start":{"line":1,"column":38},"end":{"line":11,"column":1}}},"1":{"name":"setCookie","decl":{"start":{"line":13,"column":16},"end":{"line":13,"column":25}},"loc":{"start":{"line":16,"column":65},"end":{"line":43,"column":1}}},"2":{"name":"deleteCookie","decl":{"start":{"line":45,"column":16},"end":{"line":45,"column":28}},"loc":{"start":{"line":45,"column":41},"end":{"line":47,"column":1}}}},"branchMap":{"0":{"loc":{"start":{"line":10,"column":9},"end":{"line":10,"column":61}},"type":"cond-expr","locations":[{"start":{"line":10,"column":19},"end":{"line":10,"column":49}},{"start":{"line":10,"column":52},"end":{"line":10,"column":61}}]},"1":{"loc":{"start":{"line":16,"column":2},"end":{"line":16,"column":null}},"type":"if","locations":[{"start":{"line":16,"column":2},"end":{"line":16,"column":null}}]},"2":{"loc":{"start":{"line":24,"column":2},"end":{"line":28,"column":3}},"type":"if","locations":[{"start":{"line":24,"column":2},"end":{"line":28,"column":3}}]},"3":{"loc":{"start":{"line":24,"column":6},"end":{"line":24,"column":36}},"type":"binary-expr","locations":[{"start":{"line":24,"column":6},"end":{"line":24,"column":9}},{"start":{"line":24,"column":13},"end":{"line":24,"column":36}}]},"4":{"loc":{"start":{"line":30,"column":2},"end":{"line":32,"column":3}},"type":"if","locations":[{"start":{"line":30,"column":2},"end":{"line":32,"column":3}}]},"5":{"loc":{"start":{"line":30,"column":6},"end":{"line":30,"column":32}},"type":"binary-expr","locations":[{"start":{"line":30,"column":6},"end":{"line":30,"column":9}},{"start":{"line":30,"column":13},"end":{"line":30,"column":32}}]},"6":{"loc":{"start":{"line":38,"column":4},"end":{"line":40,"column":5}},"type":"if","locations":[{"start":{"line":38,"column":4},"end":{"line":40,"column":5}}]}},"s":{"0":0,"1":0,"2":1,"3":0,"4":0,"5":0,"6":0,"7":0,"8":0,"9":0,"10":0,"11":0,"12":0,"13":0,"14":0,"15":0,"16":0,"17":0,"18":0,"19":0,"20":1,"21":0,"22":1},"f":{"0":0,"1":0,"2":0},"b":{"0":[0,0],"1":[0],"2":[0],"3":[0,0],"4":[0],"5":[0,0],"6":[0]}}
}
